This file contains any messages produced by compilers while
running configure, to aid debugging if configure makes a mistake.

It was created by configure, which was
generated by GNU Autoconf 2.69.  Invocation command line was

  $ ./configure --prefix=/usr

## --------- ##
## Platform. ##
## --------- ##

hostname = eeyore
uname -m = x86_64
uname -r = 3.8.4-1-ARCH
uname -s = Linux
uname -v = #1 SMP PREEMPT Wed Mar 20 22:10:25 CET 2013

/usr/bin/uname -p = unknown
/bin/uname -X     = unknown

/bin/arch              = unknown
/usr/bin/arch -k       = unknown
/usr/convex/getsysinfo = unknown
/usr/bin/hostinfo      = unknown
/bin/machine           = unknown
/usr/bin/oslevel       = unknown
/bin/universe          = unknown

PATH: /home/jrh/bin
PATH: /home/jrh/.gem/ruby/2.0.0/bin
PATH: /usr/local/bin
PATH: /usr/bin
PATH: /bin
PATH: /usr/local/sbin
PATH: /usr/sbin
PATH: /sbin
PATH: /opt/grass/bin
PATH: /opt/grass/scripts
PATH: /usr/bin/site_perl
PATH: /usr/bin/vendor_perl
PATH: /usr/bin/core_perl
PATH: /sbin
PATH: /usr/sbin


## ----------- ##
## Core tests. ##
## ----------- ##

configure:2342: checking for a BSD-compatible install
configure:2410: result: /usr/bin/install -c
configure:2421: checking whether build environment is sane
configure:2476: result: yes
configure:2627: checking for a thread-safe mkdir -p
configure:2666: result: /usr/bin/mkdir -p
configure:2673: checking for gawk
configure:2689: found /usr/bin/gawk
configure:2700: result: gawk
configure:2711: checking whether make sets $(MAKE)
configure:2733: result: yes
configure:2873: checking for gcc
configure:2889: found /usr/bin/gcc
configure:2900: result: gcc
configure:3129: checking for C compiler version
configure:3138: gcc --version >&5
gcc (GCC) 4.7.2
Copyright (C) 2012 Free Software Foundation, Inc.
This is free software; see the source for copying conditions.  There is NO
warranty; not even for MERCHANTABILITY or FITNESS FOR A PARTICULAR PURPOSE.

configure:3149: $? = 0
configure:3138: gcc -v >&5
Using built-in specs.
COLLECT_GCC=gcc
COLLECT_LTO_WRAPPER=/usr/lib/gcc/x86_64-unknown-linux-gnu/4.7.2/lto-wrapper
Target: x86_64-unknown-linux-gnu
Configured with: /build/src/gcc-4.7.2/configure --prefix=/usr --libdir=/usr/lib --libexecdir=/usr/lib --mandir=/usr/share/man --infodir=/usr/share/info --with-bugurl=https://bugs.archlinux.org/ --enable-languages=c,c++,ada,fortran,go,lto,objc,obj-c++ --enable-shared --enable-threads=posix --with-system-zlib --enable-__cxa_atexit --disable-libunwind-exceptions --enable-clocale=gnu --disable-libstdcxx-pch --enable-libstdcxx-time --enable-gnu-unique-object --enable-linker-build-id --with-ppl --enable-cloog-backend=isl --disable-ppl-version-check --disable-cloog-version-check --enable-lto --enable-gold --enable-ld=default --enable-plugin --with-plugin-ld=ld.gold --with-linker-hash-style=gnu --enable-multilib --disable-libssp --disable-build-with-cxx --disable-build-poststage1-with-cxx --enable-checking=release
Thread model: posix
gcc version 4.7.2 (GCC) 
configure:3149: $? = 0
configure:3138: gcc -V >&5
gcc: error: unrecognized command line option '-V'
gcc: fatal error: no input files
compilation terminated.
configure:3149: $? = 1
configure:3138: gcc -qversion >&5
gcc: error: unrecognized command line option '-qversion'
gcc: fatal error: no input files
compilation terminated.
configure:3149: $? = 1
configure:3169: checking whether the C compiler works
configure:3191: gcc    conftest.c  >&5
configure:3195: $? = 0
configure:3243: result: yes
configure:3246: checking for C compiler default output file name
configure:3248: result: a.out
configure:3254: checking for suffix of executables
configure:3261: gcc -o conftest    conftest.c  >&5
configure:3265: $? = 0
configure:3287: result: 
configure:3309: checking whether we are cross compiling
configure:3317: gcc -o conftest    conftest.c  >&5
configure:3321: $? = 0
configure:3328: ./conftest
configure:3332: $? = 0
configure:3347: result: no
configure:3352: checking for suffix of object files
configure:3374: gcc -c   conftest.c >&5
configure:3378: $? = 0
configure:3399: result: o
configure:3403: checking whether we are using the GNU C compiler
configure:3422: gcc -c   conftest.c >&5
configure:3422: $? = 0
configure:3431: result: yes
configure:3440: checking whether gcc accepts -g
configure:3460: gcc -c -g  conftest.c >&5
configure:3460: $? = 0
configure:3501: result: yes
configure:3518: checking for gcc option to accept ISO C89
configure:3581: gcc  -c -g -O2  conftest.c >&5
configure:3581: $? = 0
configure:3594: result: none needed
configure:3625: checking for style of include used by make
configure:3653: result: GNU
configure:3679: checking dependency style of gcc
configure:3790: result: gcc3
configure:3805: checking whether make sets $(MAKE)
configure:3827: result: yes
configure:3866: checking build system type
configure:3880: result: x86_64-unknown-linux-gnu
configure:3900: checking host system type
configure:3913: result: x86_64-unknown-linux-gnu
configure:3954: checking how to print strings
configure:3981: result: printf
configure:4002: checking for a sed that does not truncate output
configure:4066: result: /usr/bin/sed
configure:4084: checking for grep that handles long lines and -e
configure:4142: result: /usr/bin/grep
configure:4147: checking for egrep
configure:4209: result: /usr/bin/grep -E
configure:4214: checking for fgrep
configure:4276: result: /usr/bin/grep -F
configure:4311: checking for ld used by gcc
configure:4378: result: /usr/bin/ld
configure:4385: checking if the linker (/usr/bin/ld) is GNU ld
configure:4400: result: yes
configure:4412: checking for BSD- or MS-compatible name lister (nm)
configure:4461: result: /usr/bin/nm -B
configure:4591: checking the name lister (/usr/bin/nm -B) interface
configure:4598: gcc -c -g -O2  conftest.c >&5
configure:4601: /usr/bin/nm -B "conftest.o"
configure:4604: output
0000000000000000 B some_variable
configure:4611: result: BSD nm
configure:4614: checking whether ln -s works
configure:4618: result: yes
configure:4626: checking the maximum length of command line arguments
configure:4756: result: 1572864
configure:4773: checking whether the shell understands some XSI constructs
configure:4783: result: yes
configure:4787: checking whether the shell understands "+="
configure:4793: result: yes
configure:4828: checking how to convert x86_64-unknown-linux-gnu file names to x86_64-unknown-linux-gnu format
configure:4868: result: func_convert_file_noop
configure:4875: checking how to convert x86_64-unknown-linux-gnu file names to toolchain format
configure:4895: result: func_convert_file_noop
configure:4902: checking for /usr/bin/ld option to reload object files
configure:4909: result: -r
configure:4983: checking for objdump
configure:4999: found /usr/bin/objdump
configure:5010: result: objdump
configure:5042: checking how to recognize dependent libraries
configure:5244: result: pass_all
configure:5329: checking for dlltool
configure:5359: result: no
configure:5389: checking how to associate runtime and link libraries
configure:5416: result: printf %s\n
configure:5477: checking for ar
configure:5493: found /usr/bin/ar
configure:5504: result: ar
configure:5541: checking for archiver @FILE support
configure:5558: gcc -c -g -O2  conftest.c >&5
configure:5558: $? = 0
configure:5561: ar cru libconftest.a @conftest.lst >&5
configure:5564: $? = 0
configure:5569: ar cru libconftest.a @conftest.lst >&5
ar: conftest.o: No such file or directory
configure:5572: $? = 1
configure:5584: result: @
configure:5642: checking for strip
configure:5658: found /usr/bin/strip
configure:5669: result: strip
configure:5741: checking for ranlib
configure:5757: found /usr/bin/ranlib
configure:5768: result: ranlib
configure:5870: checking command to parse /usr/bin/nm -B output from gcc object
configure:5990: gcc -c -g -O2  conftest.c >&5
configure:5993: $? = 0
configure:5997: /usr/bin/nm -B conftest.o \| sed -n -e 's/^.*[ ]\([ABCDGIRSTW][ABCDGIRSTW]*\)[ ][ ]*\([_A-Za-z][_A-Za-z0-9]*\)$/\1 \2 \2/p' | sed '/ __gnu_lto/d' \> conftest.nm
configure:6000: $? = 0
configure:6066: gcc -o conftest -g -O2   conftest.c conftstm.o >&5
configure:6069: $? = 0
configure:6107: result: ok
configure:6144: checking for sysroot
configure:6174: result: no
configure:6251: gcc -c -g -O2  conftest.c >&5
configure:6254: $? = 0
configure:6430: checking for mt
configure:6460: result: no
configure:6480: checking if : is a manifest tool
configure:6486: : '-?'
configure:6494: result: no
configure:7136: checking how to run the C preprocessor
configure:7167: gcc -E  conftest.c
configure:7167: $? = 0
configure:7181: gcc -E  conftest.c
conftest.c:11:28: fatal error: ac_nonexistent.h: No such file or directory
compilation terminated.
configure:7181: $? = 1
configure: failed program was:
| /* confdefs.h */
| #define PACKAGE_NAME ""
| #define PACKAGE_TARNAME ""
| #define PACKAGE_VERSION ""
| #define PACKAGE_STRING ""
| #define PACKAGE_BUGREPORT ""
| #define PACKAGE_URL ""
| #define PACKAGE "w1temp"
| #define VERSION "0.0.5"
| /* end confdefs.h.  */
| #include <ac_nonexistent.h>
configure:7206: result: gcc -E
configure:7226: gcc -E  conftest.c
configure:7226: $? = 0
configure:7240: gcc -E  conftest.c
conftest.c:11:28: fatal error: ac_nonexistent.h: No such file or directory
compilation terminated.
configure:7240: $? = 1
configure: failed program was:
| /* confdefs.h */
| #define PACKAGE_NAME ""
| #define PACKAGE_TARNAME ""
| #define PACKAGE_VERSION ""
| #define PACKAGE_STRING ""
| #define PACKAGE_BUGREPORT ""
| #define PACKAGE_URL ""
| #define PACKAGE "w1temp"
| #define VERSION "0.0.5"
| /* end confdefs.h.  */
| #include <ac_nonexistent.h>
configure:7269: checking for ANSI C header files
configure:7289: gcc -c -g -O2  conftest.c >&5
configure:7289: $? = 0
configure:7362: gcc -o conftest -g -O2   conftest.c  >&5
configure:7362: $? = 0
configure:7362: ./conftest
configure:7362: $? = 0
configure:7373: result: yes
configure:7386: checking for sys/types.h
configure:7386: gcc -c -g -O2  conftest.c >&5
configure:7386: $? = 0
configure:7386: result: yes
configure:7386: checking for sys/stat.h
configure:7386: gcc -c -g -O2  conftest.c >&5
configure:7386: $? = 0
configure:7386: result: yes
configure:7386: checking for stdlib.h
configure:7386: gcc -c -g -O2  conftest.c >&5
configure:7386: $? = 0
configure:7386: result: yes
configure:7386: checking for string.h
configure:7386: gcc -c -g -O2  conftest.c >&5
configure:7386: $? = 0
configure:7386: result: yes
configure:7386: checking for memory.h
configure:7386: gcc -c -g -O2  conftest.c >&5
configure:7386: $? = 0
configure:7386: result: yes
configure:7386: checking for strings.h
configure:7386: gcc -c -g -O2  conftest.c >&5
configure:7386: $? = 0
configure:7386: result: yes
configure:7386: checking for inttypes.h
configure:7386: gcc -c -g -O2  conftest.c >&5
configure:7386: $? = 0
configure:7386: result: yes
configure:7386: checking for stdint.h
configure:7386: gcc -c -g -O2  conftest.c >&5
configure:7386: $? = 0
configure:7386: result: yes
configure:7386: checking for unistd.h
configure:7386: gcc -c -g -O2  conftest.c >&5
configure:7386: $? = 0
configure:7386: result: yes
configure:7400: checking for dlfcn.h
configure:7400: gcc -c -g -O2  conftest.c >&5
configure:7400: $? = 0
configure:7400: result: yes
configure:7606: checking for objdir
configure:7621: result: .libs
configure:7892: checking if gcc supports -fno-rtti -fno-exceptions
configure:7910: gcc -c -g -O2  -fno-rtti -fno-exceptions conftest.c >&5
cc1: warning: command line option '-fno-rtti' is valid for C++/ObjC++ but not for C [enabled by default]
configure:7914: $? = 0
configure:7927: result: no
configure:8254: checking for gcc option to produce PIC
configure:8261: result: -fPIC -DPIC
configure:8269: checking if gcc PIC flag -fPIC -DPIC works
configure:8287: gcc -c -g -O2  -fPIC -DPIC -DPIC conftest.c >&5
configure:8291: $? = 0
configure:8304: result: yes
configure:8333: checking if gcc static flag -static works
configure:8361: result: yes
configure:8376: checking if gcc supports -c -o file.o
configure:8397: gcc -c -g -O2  -o out/conftest2.o conftest.c >&5
configure:8401: $? = 0
configure:8423: result: yes
configure:8431: checking if gcc supports -c -o file.o
configure:8478: result: yes
configure:8511: checking whether the gcc linker (/usr/bin/ld -m elf_x86_64) supports shared libraries
configure:9664: result: yes
configure:9701: checking whether -lc should be explicitly linked in
configure:9709: gcc -c -g -O2  conftest.c >&5
configure:9712: $? = 0
configure:9727: gcc -shared  -fPIC -DPIC conftest.o  -v -Wl,-soname -Wl,conftest -o conftest 2\>\&1 \| /usr/bin/grep  -lc  \>/dev/null 2\>\&1
configure:9730: $? = 0
configure:9744: result: no
configure:9904: checking dynamic linker characteristics
configure:10415: gcc -o conftest -g -O2   -Wl,-rpath -Wl,/foo conftest.c  >&5
configure:10415: $? = 0
configure:10637: result: GNU/Linux ld.so
configure:10744: checking how to hardcode library paths into programs
configure:10769: result: immediate
configure:11309: checking whether stripping libraries is possible
configure:11314: result: yes
configure:11349: checking if libtool supports shared libraries
configure:11351: result: yes
configure:11354: checking whether to build shared libraries
configure:11375: result: yes
configure:11378: checking whether to build static libraries
configure:11382: result: yes
configure:11420: checking whether gcc and cc understand -c and -o together
configure:11451: gcc -c conftest.c -o conftest2.o >&5
configure:11455: $? = 0
configure:11461: gcc -c conftest.c -o conftest2.o >&5
configure:11465: $? = 0
configure:11476: cc -c conftest.c >&5
configure:11480: $? = 0
configure:11488: cc -c conftest.c -o conftest2.o >&5
configure:11492: $? = 0
configure:11498: cc -c conftest.c -o conftest2.o >&5
configure:11502: $? = 0
configure:11520: result: yes
configure:11549: checking for sin in -lm
configure:11574: gcc -o conftest -g -O2   conftest.c -lm   >&5
conftest.c:30:6: warning: conflicting types for built-in function 'sin' [enabled by default]
configure:11574: $? = 0
configure:11583: result: yes
configure:11599: checking for dirent.h that defines DIR
configure:11618: gcc -c -g -O2  conftest.c >&5
configure:11618: $? = 0
configure:11626: result: yes
configure:11639: checking for library containing opendir
configure:11670: gcc -o conftest -g -O2   conftest.c -lm  >&5
configure:11670: $? = 0
configure:11687: result: none required
configure:11754: checking for ANSI C header files
configure:11858: result: yes
configure:11869: checking fcntl.h usability
configure:11869: gcc -c -g -O2  conftest.c >&5
configure:11869: $? = 0
configure:11869: result: yes
configure:11869: checking fcntl.h presence
configure:11869: gcc -E  conftest.c
configure:11869: $? = 0
configure:11869: result: yes
configure:11869: checking for fcntl.h
configure:11869: result: yes
configure:11869: checking limits.h usability
configure:11869: gcc -c -g -O2  conftest.c >&5
configure:11869: $? = 0
configure:11869: result: yes
configure:11869: checking limits.h presence
configure:11869: gcc -E  conftest.c
configure:11869: $? = 0
configure:11869: result: yes
configure:11869: checking for limits.h
configure:11869: result: yes
configure:11869: checking for memory.h
configure:11869: result: yes
configure:11869: checking for stdlib.h
configure:11869: result: yes
configure:11869: checking for string.h
configure:11869: result: yes
configure:11869: checking sys/file.h usability
configure:11869: gcc -c -g -O2  conftest.c >&5
configure:11869: $? = 0
configure:11869: result: yes
configure:11869: checking sys/file.h presence
configure:11869: gcc -E  conftest.c
configure:11869: $? = 0
configure:11869: result: yes
configure:11869: checking for sys/file.h
configure:11869: result: yes
configure:11869: checking sys/time.h usability
configure:11869: gcc -c -g -O2  conftest.c >&5
configure:11869: $? = 0
configure:11869: result: yes
configure:11869: checking sys/time.h presence
configure:11869: gcc -E  conftest.c
configure:11869: $? = 0
configure:11869: result: yes
configure:11869: checking for sys/time.h
configure:11869: result: yes
configure:11869: checking for unistd.h
configure:11869: result: yes
configure:11881: checking for stdbool.h that conforms to C99
configure:11948: gcc -c -g -O2  conftest.c >&5
configure:11948: $? = 0
configure:11955: result: yes
configure:11957: checking for _Bool
configure:11957: gcc -c -g -O2  conftest.c >&5
configure:11957: $? = 0
configure:11957: gcc -c -g -O2  conftest.c >&5
conftest.c: In function 'main':
conftest.c:70:20: error: expected expression before ')' token
configure:11957: $? = 1
configure: failed program was:
| /* confdefs.h */
| #define PACKAGE_NAME ""
| #define PACKAGE_TARNAME ""
| #define PACKAGE_VERSION ""
| #define PACKAGE_STRING ""
| #define PACKAGE_BUGREPORT ""
| #define PACKAGE_URL ""
| #define PACKAGE "w1temp"
| #define VERSION "0.0.5"
| #define STDC_HEADERS 1
| #define HAVE_SYS_TYPES_H 1
| #define HAVE_SYS_STAT_H 1
| #define HAVE_STDLIB_H 1
| #define HAVE_STRING_H 1
| #define HAVE_MEMORY_H 1
| #define HAVE_STRINGS_H 1
| #define HAVE_INTTYPES_H 1
| #define HAVE_STDINT_H 1
| #define HAVE_UNISTD_H 1
| #define HAVE_DLFCN_H 1
| #define LT_OBJDIR ".libs/"
| #define HAVE_LIBM 1
| #define HAVE_DIRENT_H 1
| #define STDC_HEADERS 1
| #define HAVE_FCNTL_H 1
| #define HAVE_LIMITS_H 1
| #define HAVE_MEMORY_H 1
| #define HAVE_STDLIB_H 1
| #define HAVE_STRING_H 1
| #define HAVE_SYS_FILE_H 1
| #define HAVE_SYS_TIME_H 1
| #define HAVE_UNISTD_H 1
| /* end confdefs.h.  */
| #include <stdio.h>
| #ifdef HAVE_SYS_TYPES_H
| # include <sys/types.h>
| #endif
| #ifdef HAVE_SYS_STAT_H
| # include <sys/stat.h>
| #endif
| #ifdef STDC_HEADERS
| # include <stdlib.h>
| # include <stddef.h>
| #else
| # ifdef HAVE_STDLIB_H
| #  include <stdlib.h>
| # endif
| #endif
| #ifdef HAVE_STRING_H
| # if !defined STDC_HEADERS && defined HAVE_MEMORY_H
| #  include <memory.h>
| # endif
| # include <string.h>
| #endif
| #ifdef HAVE_STRINGS_H
| # include <strings.h>
| #endif
| #ifdef HAVE_INTTYPES_H
| # include <inttypes.h>
| #endif
| #ifdef HAVE_STDINT_H
| # include <stdint.h>
| #endif
| #ifdef HAVE_UNISTD_H
| # include <unistd.h>
| #endif
| int
| main ()
| {
| if (sizeof ((_Bool)))
| 	    return 0;
|   ;
|   return 0;
| }
configure:11957: result: yes
configure:11974: checking for an ANSI C-conforming const
configure:12040: gcc -c -g -O2  conftest.c >&5
configure:12040: $? = 0
configure:12047: result: yes
configure:12055: checking for inline
configure:12071: gcc -c -g -O2  conftest.c >&5
configure:12071: $? = 0
configure:12079: result: inline
configure:12097: checking for size_t
configure:12097: gcc -c -g -O2  conftest.c >&5
configure:12097: $? = 0
configure:12097: gcc -c -g -O2  conftest.c >&5
conftest.c: In function 'main':
conftest.c:72:21: error: expected expression before ')' token
configure:12097: $? = 1
configure: failed program was:
| /* confdefs.h */
| #define PACKAGE_NAME ""
| #define PACKAGE_TARNAME ""
| #define PACKAGE_VERSION ""
| #define PACKAGE_STRING ""
| #define PACKAGE_BUGREPORT ""
| #define PACKAGE_URL ""
| #define PACKAGE "w1temp"
| #define VERSION "0.0.5"
| #define STDC_HEADERS 1
| #define HAVE_SYS_TYPES_H 1
| #define HAVE_SYS_STAT_H 1
| #define HAVE_STDLIB_H 1
| #define HAVE_STRING_H 1
| #define HAVE_MEMORY_H 1
| #define HAVE_STRINGS_H 1
| #define HAVE_INTTYPES_H 1
| #define HAVE_STDINT_H 1
| #define HAVE_UNISTD_H 1
| #define HAVE_DLFCN_H 1
| #define LT_OBJDIR ".libs/"
| #define HAVE_LIBM 1
| #define HAVE_DIRENT_H 1
| #define STDC_HEADERS 1
| #define HAVE_FCNTL_H 1
| #define HAVE_LIMITS_H 1
| #define HAVE_MEMORY_H 1
| #define HAVE_STDLIB_H 1
| #define HAVE_STRING_H 1
| #define HAVE_SYS_FILE_H 1
| #define HAVE_SYS_TIME_H 1
| #define HAVE_UNISTD_H 1
| #define HAVE__BOOL 1
| #define HAVE_STDBOOL_H 1
| /* end confdefs.h.  */
| #include <stdio.h>
| #ifdef HAVE_SYS_TYPES_H
| # include <sys/types.h>
| #endif
| #ifdef HAVE_SYS_STAT_H
| # include <sys/stat.h>
| #endif
| #ifdef STDC_HEADERS
| # include <stdlib.h>
| # include <stddef.h>
| #else
| # ifdef HAVE_STDLIB_H
| #  include <stdlib.h>
| # endif
| #endif
| #ifdef HAVE_STRING_H
| # if !defined STDC_HEADERS && defined HAVE_MEMORY_H
| #  include <memory.h>
| # endif
| # include <string.h>
| #endif
| #ifdef HAVE_STRINGS_H
| # include <strings.h>
| #endif
| #ifdef HAVE_INTTYPES_H
| # include <inttypes.h>
| #endif
| #ifdef HAVE_STDINT_H
| # include <stdint.h>
| #endif
| #ifdef HAVE_UNISTD_H
| # include <unistd.h>
| #endif
| int
| main ()
| {
| if (sizeof ((size_t)))
| 	    return 0;
|   ;
|   return 0;
| }
configure:12097: result: yes
configure:12108: checking whether time.h and sys/time.h may both be included
configure:12128: gcc -c -g -O2  conftest.c >&5
configure:12128: $? = 0
configure:12135: result: yes
configure:12143: checking whether struct tm is in sys/time.h or time.h
configure:12163: gcc -c -g -O2  conftest.c >&5
configure:12163: $? = 0
configure:12170: result: time.h
configure:12178: checking for working volatile
configure:12197: gcc -c -g -O2  conftest.c >&5
configure:12197: $? = 0
configure:12204: result: yes
configure:12216: checking for stdlib.h
configure:12216: result: yes
configure:12226: checking for GNU libc compatible malloc
configure:12250: gcc -o conftest -g -O2   conftest.c -lm  >&5
configure:12250: $? = 0
configure:12250: ./conftest
configure:12250: $? = 0
configure:12260: result: yes
configure:12281: checking for working memcmp
configure:12324: gcc -o conftest -g -O2   conftest.c -lm  >&5
configure:12324: $? = 0
configure:12324: ./conftest
configure:12324: $? = 0
configure:12334: result: yes
configure:12345: checking for stdlib.h
configure:12345: result: yes
configure:12355: checking for GNU libc compatible realloc
configure:12379: gcc -o conftest -g -O2   conftest.c -lm  >&5
configure:12379: $? = 0
configure:12379: ./conftest
configure:12379: $? = 0
configure:12389: result: yes
configure:12417: checking return type of signal handlers
configure:12435: gcc -c -g -O2  conftest.c >&5
conftest.c: In function 'main':
conftest.c:47:1: error: void value not ignored as it ought to be
configure:12435: $? = 1
configure: failed program was:
| /* confdefs.h */
| #define PACKAGE_NAME ""
| #define PACKAGE_TARNAME ""
| #define PACKAGE_VERSION ""
| #define PACKAGE_STRING ""
| #define PACKAGE_BUGREPORT ""
| #define PACKAGE_URL ""
| #define PACKAGE "w1temp"
| #define VERSION "0.0.5"
| #define STDC_HEADERS 1
| #define HAVE_SYS_TYPES_H 1
| #define HAVE_SYS_STAT_H 1
| #define HAVE_STDLIB_H 1
| #define HAVE_STRING_H 1
| #define HAVE_MEMORY_H 1
| #define HAVE_STRINGS_H 1
| #define HAVE_INTTYPES_H 1
| #define HAVE_STDINT_H 1
| #define HAVE_UNISTD_H 1
| #define HAVE_DLFCN_H 1
| #define LT_OBJDIR ".libs/"
| #define HAVE_LIBM 1
| #define HAVE_DIRENT_H 1
| #define STDC_HEADERS 1
| #define HAVE_FCNTL_H 1
| #define HAVE_LIMITS_H 1
| #define HAVE_MEMORY_H 1
| #define HAVE_STDLIB_H 1
| #define HAVE_STRING_H 1
| #define HAVE_SYS_FILE_H 1
| #define HAVE_SYS_TIME_H 1
| #define HAVE_UNISTD_H 1
| #define HAVE__BOOL 1
| #define HAVE_STDBOOL_H 1
| #define TIME_WITH_SYS_TIME 1
| #define HAVE_STDLIB_H 1
| #define HAVE_MALLOC 1
| #define HAVE_STDLIB_H 1
| #define HAVE_REALLOC 1
| /* end confdefs.h.  */
| #include <sys/types.h>
| #include <signal.h>
| 
| int
| main ()
| {
| return *(signal (0, 0)) (0) == 1;
|   ;
|   return 0;
| }
configure:12442: result: void
configure:12452: checking for strftime
configure:12452: gcc -o conftest -g -O2   conftest.c -lm  >&5
conftest.c:65:6: warning: conflicting types for built-in function 'strftime' [enabled by default]
configure:12452: $? = 0
configure:12452: result: yes
configure:12505: checking for working strtod
configure:12546: gcc -o conftest -g -O2   conftest.c -lm  >&5
configure:12546: $? = 0
configure:12546: ./conftest
configure:12546: $? = 0
configure:12556: result: yes
configure:12621: checking for alarm
configure:12621: gcc -o conftest -g -O2   conftest.c -lm  >&5
configure:12621: $? = 0
configure:12621: result: yes
configure:12621: checking for atexit
configure:12621: gcc -o conftest -g -O2   conftest.c -lm  >&5
configure:12621: $? = 0
configure:12621: result: yes
configure:12621: checking for gettimeofday
configure:12621: gcc -o conftest -g -O2   conftest.c -lm  >&5
configure:12621: $? = 0
configure:12621: result: yes
configure:12621: checking for memset
configure:12621: gcc -o conftest -g -O2   conftest.c -lm  >&5
conftest.c:69:6: warning: conflicting types for built-in function 'memset' [enabled by default]
configure:12621: $? = 0
configure:12621: result: yes
configure:12621: checking for sqrt
configure:12621: gcc -o conftest -g -O2   conftest.c -lm  >&5
conftest.c:70:6: warning: conflicting types for built-in function 'sqrt' [enabled by default]
configure:12621: $? = 0
configure:12621: result: yes
configure:12621: checking for stpcpy
configure:12621: gcc -o conftest -g -O2   conftest.c -lm  >&5
conftest.c:71:6: warning: conflicting types for built-in function 'stpcpy' [enabled by default]
configure:12621: $? = 0
configure:12621: result: yes
configure:12621: checking for strcasecmp
configure:12621: gcc -o conftest -g -O2   conftest.c -lm  >&5
conftest.c:72:6: warning: conflicting types for built-in function 'strcasecmp' [enabled by default]
configure:12621: $? = 0
configure:12621: result: yes
configure:12621: checking for strchr
configure:12621: gcc -o conftest -g -O2   conftest.c -lm  >&5
conftest.c:73:6: warning: conflicting types for built-in function 'strchr' [enabled by default]
configure:12621: $? = 0
configure:12621: result: yes
configure:12621: checking for strdup
configure:12621: gcc -o conftest -g -O2   conftest.c -lm  >&5
conftest.c:74:6: warning: conflicting types for built-in function 'strdup' [enabled by default]
configure:12621: $? = 0
configure:12621: result: yes
configure:12621: checking for strncasecmp
configure:12621: gcc -o conftest -g -O2   conftest.c -lm  >&5
conftest.c:75:6: warning: conflicting types for built-in function 'strncasecmp' [enabled by default]
configure:12621: $? = 0
configure:12621: result: yes
configure:12621: checking for strpbrk
configure:12621: gcc -o conftest -g -O2   conftest.c -lm  >&5
conftest.c:76:6: warning: conflicting types for built-in function 'strpbrk' [enabled by default]
configure:12621: $? = 0
configure:12621: result: yes
configure:12621: checking for strrchr
configure:12621: gcc -o conftest -g -O2   conftest.c -lm  >&5
conftest.c:77:6: warning: conflicting types for built-in function 'strrchr' [enabled by default]
configure:12621: $? = 0
configure:12621: result: yes
configure:12621: checking for strstr
configure:12621: gcc -o conftest -g -O2   conftest.c -lm  >&5
conftest.c:78:6: warning: conflicting types for built-in function 'strstr' [enabled by default]
configure:12621: $? = 0
configure:12621: result: yes
configure:12621: checking for strtol
configure:12621: gcc -o conftest -g -O2   conftest.c -lm  >&5
configure:12621: $? = 0
configure:12621: result: yes
configure:12635: checking for pkg-config
configure:12653: found /usr/bin/pkg-config
configure:12666: result: /usr/bin/pkg-config
configure:12807: checking pkg-config is at least version 0.9.0
configure:12810: result: yes
configure:12820: checking for GLIB_MODULE
configure:12829: $PKG_CONFIG --exists --print-errors "gmodule-2.0 >= 2.2.0
			        dbus-1 >= $DBUS_REQUIRED
				dbus-glib-1 >= $DBUS_REQUIRED"
configure:12834: $? = 0
configure:12852: $PKG_CONFIG --exists --print-errors "gmodule-2.0 >= 2.2.0
			        dbus-1 >= $DBUS_REQUIRED
				dbus-glib-1 >= $DBUS_REQUIRED"
configure:12857: $? = 0
configure:12923: result: yes
configure:12929: checking for GIO_MODULE
configure:12936: $PKG_CONFIG --exists --print-errors "gio-2.0 >= 2.16.0"
configure:12939: $? = 0
configure:12953: $PKG_CONFIG --exists --print-errors "gio-2.0 >= 2.16.0"
configure:12956: $? = 0
configure:12994: result: yes
configure:13003: checking for GNOME_APPLETS
configure:13010: $PKG_CONFIG --exists --print-errors "gtk+-3.0 >= $GTK_REQUIRED  libpanelapplet-4.0 >= $LIBPANEL_REQUIRED"
configure:13013: $? = 0
configure:13027: $PKG_CONFIG --exists --print-errors "gtk+-3.0 >= $GTK_REQUIRED  libpanelapplet-4.0 >= $LIBPANEL_REQUIRED"
configure:13030: $? = 0
configure:13068: result: yes
configure:13075: checking for LIBSOUP
configure:13082: $PKG_CONFIG --exists --print-errors "libsoup-2.4 >= 2.26"
configure:13085: $? = 0
configure:13099: $PKG_CONFIG --exists --print-errors "libsoup-2.4 >= 2.26"
configure:13102: $? = 0
configure:13160: result: yes
configure:13170: checking for sunny days
configure:13182: result: perhaps
configure:13296: checking that generated files are newer than configure
configure:13302: result: done
configure:13325: creating ./config.status

## ---------------------- ##
## Running config.status. ##
## ---------------------- ##

This file was extended by config.status, which was
generated by GNU Autoconf 2.69.  Invocation command line was

  CONFIG_FILES    = 
  CONFIG_HEADERS  = 
  CONFIG_LINKS    = 
  CONFIG_COMMANDS = 
  $ ./config.status 

on eeyore

config.status:1136: creating Makefile
config.status:1136: creating src/Makefile
config.status:1136: creating config.h
config.status:1317: config.h is unchanged
config.status:1365: executing depfiles commands
config.status:1365: executing libtool commands

## ---------------- ##
## Cache variables. ##
## ---------------- ##

ac_cv_build=x86_64-unknown-linux-gnu
ac_cv_c_compiler_gnu=yes
ac_cv_c_const=yes
ac_cv_c_inline=inline
ac_cv_c_volatile=yes
ac_cv_env_CC_set=
ac_cv_env_CC_value=
ac_cv_env_CFLAGS_set=
ac_cv_env_CFLAGS_value=
ac_cv_env_CPPFLAGS_set=
ac_cv_env_CPPFLAGS_value=
ac_cv_env_CPP_set=
ac_cv_env_CPP_value=
ac_cv_env_GIO_MODULE_CFLAGS_set=
ac_cv_env_GIO_MODULE_CFLAGS_value=
ac_cv_env_GIO_MODULE_LIBS_set=
ac_cv_env_GIO_MODULE_LIBS_value=
ac_cv_env_GLIB_MODULE_CFLAGS_set=
ac_cv_env_GLIB_MODULE_CFLAGS_value=
ac_cv_env_GLIB_MODULE_LIBS_set=
ac_cv_env_GLIB_MODULE_LIBS_value=
ac_cv_env_GNOME_APPLETS_CFLAGS_set=
ac_cv_env_GNOME_APPLETS_CFLAGS_value=
ac_cv_env_GNOME_APPLETS_LIBS_set=
ac_cv_env_GNOME_APPLETS_LIBS_value=
ac_cv_env_LDFLAGS_set=
ac_cv_env_LDFLAGS_value=
ac_cv_env_LIBSOUP_CFLAGS_set=
ac_cv_env_LIBSOUP_CFLAGS_value=
ac_cv_env_LIBSOUP_LIBS_set=
ac_cv_env_LIBSOUP_LIBS_value=
ac_cv_env_LIBS_set=
ac_cv_env_LIBS_value=
ac_cv_env_PKG_CONFIG_LIBDIR_set=
ac_cv_env_PKG_CONFIG_LIBDIR_value=
ac_cv_env_PKG_CONFIG_PATH_set=
ac_cv_env_PKG_CONFIG_PATH_value=
ac_cv_env_PKG_CONFIG_set=
ac_cv_env_PKG_CONFIG_value=
ac_cv_env_build_alias_set=
ac_cv_env_build_alias_value=
ac_cv_env_host_alias_set=
ac_cv_env_host_alias_value=
ac_cv_env_target_alias_set=
ac_cv_env_target_alias_value=
ac_cv_func_alarm=yes
ac_cv_func_atexit=yes
ac_cv_func_gettimeofday=yes
ac_cv_func_malloc_0_nonnull=yes
ac_cv_func_memcmp_working=yes
ac_cv_func_memset=yes
ac_cv_func_realloc_0_nonnull=yes
ac_cv_func_setvbuf_reversed=no
ac_cv_func_sqrt=yes
ac_cv_func_stpcpy=yes
ac_cv_func_strcasecmp=yes
ac_cv_func_strchr=yes
ac_cv_func_strdup=yes
ac_cv_func_strftime=yes
ac_cv_func_strncasecmp=yes
ac_cv_func_strpbrk=yes
ac_cv_func_strrchr=yes
ac_cv_func_strstr=yes
ac_cv_func_strtod=yes
ac_cv_func_strtol=yes
ac_cv_header_dirent_dirent_h=yes
ac_cv_header_dlfcn_h=yes
ac_cv_header_fcntl_h=yes
ac_cv_header_inttypes_h=yes
ac_cv_header_limits_h=yes
ac_cv_header_memory_h=yes
ac_cv_header_stdbool_h=yes
ac_cv_header_stdc=yes
ac_cv_header_stdint_h=yes
ac_cv_header_stdlib_h=yes
ac_cv_header_string_h=yes
ac_cv_header_strings_h=yes
ac_cv_header_sys_file_h=yes
ac_cv_header_sys_stat_h=yes
ac_cv_header_sys_time_h=yes
ac_cv_header_sys_types_h=yes
ac_cv_header_time=yes
ac_cv_header_unistd_h=yes
ac_cv_host=x86_64-unknown-linux-gnu
ac_cv_lib_m_sin=yes
ac_cv_objext=o
ac_cv_path_EGREP='/usr/bin/grep -E'
ac_cv_path_FGREP='/usr/bin/grep -F'
ac_cv_path_GREP=/usr/bin/grep
ac_cv_path_PKG_CONFIG=/usr/bin/pkg-config
ac_cv_path_SED=/usr/bin/sed
ac_cv_path_install='/usr/bin/install -c'
ac_cv_path_mkdir=/usr/bin/mkdir
ac_cv_prog_AWK=gawk
ac_cv_prog_CPP='gcc -E'
ac_cv_prog_ac_ct_AR=ar
ac_cv_prog_ac_ct_CC=gcc
ac_cv_prog_ac_ct_OBJDUMP=objdump
ac_cv_prog_ac_ct_RANLIB=ranlib
ac_cv_prog_ac_ct_STRIP=strip
ac_cv_prog_cc_c89=
ac_cv_prog_cc_g=yes
ac_cv_prog_cc_gcc_c_o=yes
ac_cv_prog_make_make_set=yes
ac_cv_search_opendir='none required'
ac_cv_struct_tm=time.h
ac_cv_type__Bool=yes
ac_cv_type_signal=void
ac_cv_type_size_t=yes
am_cv_CC_dependencies_compiler_type=gcc3
lt_cv_ar_at_file=@
lt_cv_archive_cmds_need_lc=no
lt_cv_deplibs_check_method=pass_all
lt_cv_file_magic_cmd='$MAGIC_CMD'
lt_cv_file_magic_test_file=
lt_cv_ld_reload_flag=-r
lt_cv_nm_interface='BSD nm'
lt_cv_objdir=.libs
lt_cv_path_LD=/usr/bin/ld
lt_cv_path_NM='/usr/bin/nm -B'
lt_cv_path_mainfest_tool=no
lt_cv_prog_compiler_c_o=yes
lt_cv_prog_compiler_pic='-fPIC -DPIC'
lt_cv_prog_compiler_pic_works=yes
lt_cv_prog_compiler_rtti_exceptions=no
lt_cv_prog_compiler_static_works=yes
lt_cv_prog_gnu_ld=yes
lt_cv_sharedlib_from_linklib_cmd='printf %s\n'
lt_cv_shlibpath_overrides_runpath=no
lt_cv_sys_global_symbol_pipe='sed -n -e '\''s/^.*[	 ]\([ABCDGIRSTW][ABCDGIRSTW]*\)[	 ][	 ]*\([_A-Za-z][_A-Za-z0-9]*\)$/\1 \2 \2/p'\'' | sed '\''/ __gnu_lto/d'\'''
lt_cv_sys_global_symbol_to_c_name_address='sed -n -e '\''s/^: \([^ ]*\)[ ]*$/  {\"\1\", (void *) 0},/p'\'' -e '\''s/^[ABCDGIRSTW]* \([^ ]*\) \([^ ]*\)$/  {"\2", (void *) \&\2},/p'\'''
lt_cv_sys_global_symbol_to_c_name_address_lib_prefix='sed -n -e '\''s/^: \([^ ]*\)[ ]*$/  {\"\1\", (void *) 0},/p'\'' -e '\''s/^[ABCDGIRSTW]* \([^ ]*\) \(lib[^ ]*\)$/  {"\2", (void *) \&\2},/p'\'' -e '\''s/^[ABCDGIRSTW]* \([^ ]*\) \([^ ]*\)$/  {"lib\2", (void *) \&\2},/p'\'''
lt_cv_sys_global_symbol_to_cdecl='sed -n -e '\''s/^T .* \(.*\)$/extern int \1();/p'\'' -e '\''s/^[ABCDGIRSTW]* .* \(.*\)$/extern char \1;/p'\'''
lt_cv_sys_max_cmd_len=1572864
lt_cv_to_host_file_cmd=func_convert_file_noop
lt_cv_to_tool_file_cmd=func_convert_file_noop
pkg_cv_GIO_MODULE_CFLAGS='-pthread -I/usr/include/glib-2.0 -I/usr/lib/glib-2.0/include '
pkg_cv_GIO_MODULE_LIBS='-lgio-2.0 -lgobject-2.0 -lglib-2.0 '
pkg_cv_GLIB_MODULE_CFLAGS='-pthread -I/usr/include/dbus-1.0 -I/usr/lib/dbus-1.0/include -I/usr/include/glib-2.0 -I/usr/lib/glib-2.0/include '
pkg_cv_GLIB_MODULE_LIBS='-Wl,--export-dynamic -lgmodule-2.0 -pthread -lrt -ldbus-glib-1 -ldbus-1 -lgobject-2.0 -lglib-2.0 '
pkg_cv_GNOME_APPLETS_CFLAGS='-pthread -I/usr/include/gnome-panel-4.0/libpanel-applet -I/usr/include/gconf/2 -I/usr/include/dbus-1.0 -I/usr/lib/dbus-1.0/include -I/usr/include/gtk-3.0 -I/usr/include/at-spi2-atk/2.0 -I/usr/include/gtk-3.0 -I/usr/include/gio-unix-2.0/ -I/usr/include/cairo -I/usr/include/pango-1.0 -I/usr/include/harfbuzz -I/usr/include/pango-1.0 -I/usr/include/atk-1.0 -I/usr/include/cairo -I/usr/include/pixman-1 -I/usr/include/freetype2 -I/usr/include/libdrm -I/usr/include/libpng15 -I/usr/include/gdk-pixbuf-2.0 -I/usr/include/libpng15 -I/usr/include/glib-2.0 -I/usr/lib/glib-2.0/include '
pkg_cv_GNOME_APPLETS_LIBS='-lpanel-applet-4 -lgconf-2 -lgtk-3 -lgdk-3 -lpangocairo-1.0 -lpango-1.0 -latk-1.0 -lcairo-gobject -lcairo -lgdk_pixbuf-2.0 -lgio-2.0 -lgobject-2.0 -lglib-2.0 '
pkg_cv_LIBSOUP_CFLAGS='-pthread -I/usr/include/libsoup-2.4 -I/usr/include/libxml2 -I/usr/include/glib-2.0 -I/usr/lib/glib-2.0/include '
pkg_cv_LIBSOUP_LIBS='-lsoup-2.4 -lgio-2.0 -lgobject-2.0 -lglib-2.0 '

## ----------------- ##
## Output variables. ##
## ----------------- ##

ACLOCAL='${SHELL} /home/jrh/Projects/w1retap/contrib/applets/w1temp-gnome3/missing --run aclocal-1.12'
ACLOCAL_AMFLAGS='${ACLOCAL_FLAGS}'
AMDEPBACKSLASH='\'
AMDEP_FALSE='#'
AMDEP_TRUE=''
AMTAR='$${TAR-tar}'
AR='ar'
AUTOCONF='${SHELL} /home/jrh/Projects/w1retap/contrib/applets/w1temp-gnome3/missing --run autoconf'
AUTOHEADER='${SHELL} /home/jrh/Projects/w1retap/contrib/applets/w1temp-gnome3/missing --run autoheader'
AUTOMAKE='${SHELL} /home/jrh/Projects/w1retap/contrib/applets/w1temp-gnome3/missing --run automake-1.12'
AWK='gawk'
CC='gcc'
CCDEPMODE='depmode=gcc3'
CFLAGS='-Werror'
CPP='gcc -E'
CPPFLAGS=''
CYGPATH_W='echo'
DEFS='-DHAVE_CONFIG_H'
DEPDIR='.deps'
DLLTOOL='false'
DSYMUTIL=''
DUMPBIN=''
ECHO_C=''
ECHO_N='-n'
ECHO_T=''
EGREP='/usr/bin/grep -E'
EXEEXT=''
FGREP='/usr/bin/grep -F'
GIO_MODULE_CFLAGS='-pthread -I/usr/include/glib-2.0 -I/usr/lib/glib-2.0/include '
GIO_MODULE_LIBS='-lgio-2.0 -lgobject-2.0 -lglib-2.0 '
GLIB_CFLAGS='-pthread -I/usr/include/dbus-1.0 -I/usr/lib/dbus-1.0/include -I/usr/include/glib-2.0 -I/usr/lib/glib-2.0/include '
GLIB_LIBS='-Wl,--export-dynamic -lgmodule-2.0 -pthread -lrt -ldbus-glib-1 -ldbus-1 -lgobject-2.0 -lglib-2.0 '
GLIB_MODULE_CFLAGS='-pthread -I/usr/include/dbus-1.0 -I/usr/lib/dbus-1.0/include -I/usr/include/glib-2.0 -I/usr/lib/glib-2.0/include '
GLIB_MODULE_LIBS='-Wl,--export-dynamic -lgmodule-2.0 -pthread -lrt -ldbus-glib-1 -ldbus-1 -lgobject-2.0 -lglib-2.0 '
GNOME_APPLETS_CFLAGS='-pthread -I/usr/include/gnome-panel-4.0/libpanel-applet -I/usr/include/gconf/2 -I/usr/include/dbus-1.0 -I/usr/lib/dbus-1.0/include -I/usr/include/gtk-3.0 -I/usr/include/at-spi2-atk/2.0 -I/usr/include/gtk-3.0 -I/usr/include/gio-unix-2.0/ -I/usr/include/cairo -I/usr/include/pango-1.0 -I/usr/include/harfbuzz -I/usr/include/pango-1.0 -I/usr/include/atk-1.0 -I/usr/include/cairo -I/usr/include/pixman-1 -I/usr/include/freetype2 -I/usr/include/libdrm -I/usr/include/libpng15 -I/usr/include/gdk-pixbuf-2.0 -I/usr/include/libpng15 -I/usr/include/glib-2.0 -I/usr/lib/glib-2.0/include '
GNOME_APPLETS_LIBS='-lpanel-applet-4 -lgconf-2 -lgtk-3 -lgdk-3 -lpangocairo-1.0 -lpango-1.0 -latk-1.0 -lcairo-gobject -lcairo -lgdk_pixbuf-2.0 -lgio-2.0 -lgobject-2.0 -lglib-2.0 '
GNOME_PIXMAPSDIR='/usr/share/pixmaps'
GREP='/usr/bin/grep'
INSTALL_DATA='${INSTALL} -m 644'
INSTALL_PROGRAM='${INSTALL}'
INSTALL_SCRIPT='${INSTALL}'
INSTALL_STRIP_PROGRAM='$(install_sh) -c -s'
LD='/usr/bin/ld -m elf_x86_64'
LDFLAGS=''
LIBOBJS=''
LIBPANEL_APPLET_DIR='/usr/share/gnome-panel/4.0/applets'
LIBS='-lm '
LIBSOUP_CFLAGS='-pthread -I/usr/include/libsoup-2.4 -I/usr/include/libxml2 -I/usr/include/glib-2.0 -I/usr/lib/glib-2.0/include '
LIBSOUP_LIBS='-lsoup-2.4 -lgio-2.0 -lgobject-2.0 -lglib-2.0 '
LIBTOOL='$(SHELL) $(top_builddir)/libtool'
LIPO=''
LN_S='ln -s'
LTLIBOBJS=''
MAKEINFO='${SHELL} /home/jrh/Projects/w1retap/contrib/applets/w1temp-gnome3/missing --run makeinfo'
MANIFEST_TOOL=':'
MKDIR_P='/usr/bin/mkdir -p'
NM='/usr/bin/nm -B'
NMEDIT=''
OBJDUMP='objdump'
OBJEXT='o'
OTOOL64=''
OTOOL=''
PACKAGE='w1temp'
PACKAGE_BUGREPORT=''
PACKAGE_NAME=''
PACKAGE_STRING=''
PACKAGE_TARNAME=''
PACKAGE_URL=''
PACKAGE_VERSION=''
PATH_SEPARATOR=':'
PKG_CONFIG='/usr/bin/pkg-config'
PKG_CONFIG_LIBDIR=''
PKG_CONFIG_PATH=''
POW_LIB=''
RANLIB='ranlib'
SED='/usr/bin/sed'
SET_MAKE=''
SHELL='/bin/sh'
STRIP='strip'
USE_APPLET=''
USE_CURLAPP=''
VERSION='0.0.5'
ac_ct_AR='ar'
ac_ct_CC='gcc'
ac_ct_DUMPBIN=''
am__EXEEXT_FALSE=''
am__EXEEXT_TRUE='#'
am__fastdepCC_FALSE='#'
am__fastdepCC_TRUE=''
am__include='include'
am__isrc=''
am__leading_dot='.'
am__nodep='_no'
am__quote=''
am__tar='$${TAR-tar} chof - "$$tardir"'
am__untar='$${TAR-tar} xf -'
bindir='${exec_prefix}/bin'
build='x86_64-unknown-linux-gnu'
build_alias=''
build_cpu='x86_64'
build_os='linux-gnu'
build_vendor='unknown'
datadir='${datarootdir}'
datarootdir='${prefix}/share'
docdir='${datarootdir}/doc/${PACKAGE}'
dvidir='${docdir}'
exec_prefix='${prefix}'
host='x86_64-unknown-linux-gnu'
host_alias=''
host_cpu='x86_64'
host_os='linux-gnu'
host_vendor='unknown'
htmldir='${docdir}'
includedir='${prefix}/include'
infodir='${datarootdir}/info'
install_sh='${SHELL} /home/jrh/Projects/w1retap/contrib/applets/w1temp-gnome3/install-sh'
libdir='${exec_prefix}/lib'
libexecdir='${exec_prefix}/libexec'
localedir='${datarootdir}/locale'
localstatedir='${prefix}/var'
mandir='${datarootdir}/man'
mkdir_p='$(MKDIR_P)'
oldincludedir='/usr/include'
pdfdir='${docdir}'
pixmapsdir='${datarootdir}/pixmaps'
prefix='/usr'
program_transform_name='s,x,x,'
psdir='${docdir}'
sbindir='${exec_prefix}/sbin'
sharedstatedir='${prefix}/com'
sysconfdir='${prefix}/etc'
target_alias=''

## ----------- ##
## confdefs.h. ##
## ----------- ##

/* confdefs.h */
#define PACKAGE_NAME ""
#define PACKAGE_TARNAME ""
#define PACKAGE_VERSION ""
#define PACKAGE_STRING ""
#define PACKAGE_BUGREPORT ""
#define PACKAGE_URL ""
#define PACKAGE "w1temp"
#define VERSION "0.0.5"
#define STDC_HEADERS 1
#define HAVE_SYS_TYPES_H 1
#define HAVE_SYS_STAT_H 1
#define HAVE_STDLIB_H 1
#define HAVE_STRING_H 1
#define HAVE_MEMORY_H 1
#define HAVE_STRINGS_H 1
#define HAVE_INTTYPES_H 1
#define HAVE_STDINT_H 1
#define HAVE_UNISTD_H 1
#define HAVE_DLFCN_H 1
#define LT_OBJDIR ".libs/"
#define HAVE_LIBM 1
#define HAVE_DIRENT_H 1
#define STDC_HEADERS 1
#define HAVE_FCNTL_H 1
#define HAVE_LIMITS_H 1
#define HAVE_MEMORY_H 1
#define HAVE_STDLIB_H 1
#define HAVE_STRING_H 1
#define HAVE_SYS_FILE_H 1
#define HAVE_SYS_TIME_H 1
#define HAVE_UNISTD_H 1
#define HAVE__BOOL 1
#define HAVE_STDBOOL_H 1
#define TIME_WITH_SYS_TIME 1
#define HAVE_STDLIB_H 1
#define HAVE_MALLOC 1
#define HAVE_STDLIB_H 1
#define HAVE_REALLOC 1
#define RETSIGTYPE void
#define HAVE_STRFTIME 1
#define HAVE_ALARM 1
#define HAVE_ATEXIT 1
#define HAVE_GETTIMEOFDAY 1
#define HAVE_MEMSET 1
#define HAVE_SQRT 1
#define HAVE_STPCPY 1
#define HAVE_STRCASECMP 1
#define HAVE_STRCHR 1
#define HAVE_STRDUP 1
#define HAVE_STRNCASECMP 1
#define HAVE_STRPBRK 1
#define HAVE_STRRCHR 1
#define HAVE_STRSTR 1
#define HAVE_STRTOL 1
#define GNOME_PIXMAPSDIR "/usr/share/pixmaps"

configure: exit 0
