This file contains any messages produced by compilers while
running configure, to aid debugging if configure makes a mistake.

It was created by configure, which was
generated by GNU Autoconf 2.61.  Invocation command line was

  $ ./configure --prefix=/usr --cache-file=/dev/null --srcdir=.

## --------- ##
## Platform. ##
## --------- ##

hostname = eeyore
uname -m = x86_64
uname -r = 2.6.27-7-generic
uname -s = Linux
uname -v = #1 SMP Tue Nov 4 19:33:06 UTC 2008

/usr/bin/uname -p = unknown
/bin/uname -X     = unknown

/bin/arch              = unknown
/usr/bin/arch -k       = unknown
/usr/convex/getsysinfo = unknown
/usr/bin/hostinfo      = unknown
/bin/machine           = unknown
/usr/bin/oslevel       = unknown
/bin/universe          = unknown

PATH: /home/jrh/bin
PATH: /home/jrh/bin
PATH: /usr/local/sbin
PATH: /usr/local/bin
PATH: /usr/sbin
PATH: /usr/bin
PATH: /sbin
PATH: /bin
PATH: /usr/bin/X11
PATH: /usr/games


## ----------- ##
## Core tests. ##
## ----------- ##

configure:1995: checking for a BSD-compatible install
configure:2051: result: /usr/bin/install -c
configure:2062: checking whether build environment is sane
configure:2105: result: yes
configure:2133: checking for a thread-safe mkdir -p
configure:2172: result: /bin/mkdir -p
configure:2185: checking for gawk
configure:2201: found /usr/bin/gawk
configure:2212: result: gawk
configure:2223: checking whether make sets $(MAKE)
configure:2244: result: yes
configure:2485: checking for gcc
configure:2501: found /usr/bin/gcc
configure:2512: result: gcc
configure:2750: checking for C compiler version
configure:2757: gcc --version >&5
gcc (Ubuntu 4.3.2-1ubuntu11) 4.3.2
Copyright (C) 2008 Free Software Foundation, Inc.
This is free software; see the source for copying conditions.  There is NO
warranty; not even for MERCHANTABILITY or FITNESS FOR A PARTICULAR PURPOSE.

configure:2760: $? = 0
configure:2767: gcc -v >&5
Using built-in specs.
Target: x86_64-linux-gnu
Configured with: ../src/configure -v --with-pkgversion='Ubuntu 4.3.2-1ubuntu11' --with-bugurl=file:///usr/share/doc/gcc-4.3/README.Bugs --enable-languages=c,c++,fortran,objc,obj-c++ --prefix=/usr --enable-shared --with-system-zlib --libexecdir=/usr/lib --without-included-gettext --enable-threads=posix --enable-nls --with-gxx-include-dir=/usr/include/c++/4.3 --program-suffix=-4.3 --enable-clocale=gnu --enable-libstdcxx-debug --enable-objc-gc --enable-mpfr --enable-checking=release --build=x86_64-linux-gnu --host=x86_64-linux-gnu --target=x86_64-linux-gnu
Thread model: posix
gcc version 4.3.2 (Ubuntu 4.3.2-1ubuntu11) 
configure:2770: $? = 0
configure:2777: gcc -V >&5
gcc: '-V' option must have argument
configure:2780: $? = 1
configure:2803: checking for C compiler default output file name
configure:2830: gcc    conftest.c  >&5
configure:2833: $? = 0
configure:2871: result: a.out
configure:2888: checking whether the C compiler works
configure:2898: ./a.out
configure:2901: $? = 0
configure:2918: result: yes
configure:2925: checking whether we are cross compiling
configure:2927: result: no
configure:2930: checking for suffix of executables
configure:2937: gcc -o conftest    conftest.c  >&5
configure:2940: $? = 0
configure:2964: result: 
configure:2970: checking for suffix of object files
configure:2996: gcc -c   conftest.c >&5
configure:2999: $? = 0
configure:3022: result: o
configure:3026: checking whether we are using the GNU C compiler
configure:3055: gcc -c   conftest.c >&5
configure:3061: $? = 0
configure:3078: result: yes
configure:3083: checking whether gcc accepts -g
configure:3113: gcc -c -g  conftest.c >&5
configure:3119: $? = 0
configure:3218: result: yes
configure:3235: checking for gcc option to accept ISO C89
configure:3309: gcc  -c -g -O2  conftest.c >&5
configure:3315: $? = 0
configure:3338: result: none needed
configure:3367: checking for style of include used by make
configure:3395: result: GNU
configure:3420: checking dependency style of gcc
configure:3511: result: gcc3
configure:3526: checking whether make sets $(MAKE)
configure:3547: result: yes
configure:3569: checking for a BSD-compatible install
configure:3625: result: /usr/bin/install -c
configure:3667: checking build system type
configure:3685: result: x86_64-unknown-linux-gnu
configure:3707: checking host system type
configure:3722: result: x86_64-unknown-linux-gnu
configure:3744: checking for a sed that does not truncate output
configure:3823: result: /bin/sed
configure:3841: checking for grep that handles long lines and -e
configure:3915: result: /bin/grep
configure:3920: checking for egrep
configure:3998: result: /bin/grep -E
configure:4003: checking for fgrep
configure:4081: result: /bin/grep -F
configure:4116: checking for ld used by gcc
configure:4183: result: /usr/bin/ld
configure:4192: checking if the linker (/usr/bin/ld) is GNU ld
configure:4207: result: yes
configure:4219: checking for BSD- or MS-compatible name lister (nm)
configure:4268: result: /usr/bin/nm -B
configure:4390: checking the name lister (/usr/bin/nm -B) interface
configure:4397: gcc -c -g -O2  conftest.c >&5
configure:4400: /usr/bin/nm -B "conftest.o"
configure:4403: output
0000000000000000 B some_variable
configure:4410: result: BSD nm
configure:4413: checking whether ln -s works
configure:4417: result: yes
configure:4425: checking the maximum length of command line arguments
configure:4545: result: 1572864
configure:4562: checking whether the shell understands some XSI constructs
configure:4572: result: yes
configure:4576: checking whether the shell understands "+="
configure:4582: result: yes
configure:4617: checking for /usr/bin/ld option to reload object files
configure:4624: result: -r
configure:4651: checking how to recognize dependent libraries
configure:4841: result: pass_all
configure:4901: checking for ar
configure:4917: found /usr/bin/ar
configure:4928: result: ar
configure:5010: checking for strip
configure:5026: found /usr/bin/strip
configure:5037: result: strip
configure:5113: checking for ranlib
configure:5129: found /usr/bin/ranlib
configure:5140: result: ranlib
configure:5234: checking command to parse /usr/bin/nm -B output from gcc object
configure:5352: gcc -c -g -O2  conftest.c >&5
configure:5355: $? = 0
configure:5359: /usr/bin/nm -B conftest.o \| sed -n -e 's/^.*[	 ]\([ABCDGIRSTW][ABCDGIRSTW]*\)[	 ][	 ]*\([_A-Za-z][_A-Za-z0-9]*\)$/\1 \2 \2/p' \> conftest.nm
configure:5362: $? = 0
configure:5416: gcc -o conftest -g -O2   conftest.c conftstm.o >&5
configure:5419: $? = 0
configure:5457: result: ok
configure:5553: gcc -c -g -O2  conftest.c >&5
configure:5556: $? = 0
configure:6336: checking how to run the C preprocessor
configure:6376: gcc -E  conftest.c
configure:6382: $? = 0
configure:6413: gcc -E  conftest.c
conftest.c:10:28: error: ac_nonexistent.h: No such file or directory
configure:6419: $? = 1
configure: failed program was:
| /* confdefs.h.  */
| #define PACKAGE_NAME ""
| #define PACKAGE_TARNAME ""
| #define PACKAGE_VERSION ""
| #define PACKAGE_STRING ""
| #define PACKAGE_BUGREPORT ""
| #define PACKAGE "w1temp"
| #define VERSION "0.0.5"
| /* end confdefs.h.  */
| #include <ac_nonexistent.h>
configure:6452: result: gcc -E
configure:6481: gcc -E  conftest.c
configure:6487: $? = 0
configure:6518: gcc -E  conftest.c
conftest.c:10:28: error: ac_nonexistent.h: No such file or directory
configure:6524: $? = 1
configure: failed program was:
| /* confdefs.h.  */
| #define PACKAGE_NAME ""
| #define PACKAGE_TARNAME ""
| #define PACKAGE_VERSION ""
| #define PACKAGE_STRING ""
| #define PACKAGE_BUGREPORT ""
| #define PACKAGE "w1temp"
| #define VERSION "0.0.5"
| /* end confdefs.h.  */
| #include <ac_nonexistent.h>
configure:6562: checking for ANSI C header files
configure:6592: gcc -c -g -O2  conftest.c >&5
configure:6598: $? = 0
configure:6697: gcc -o conftest -g -O2   conftest.c  >&5
configure:6700: $? = 0
configure:6706: ./conftest
configure:6709: $? = 0
configure:6726: result: yes
configure:6750: checking for sys/types.h
configure:6771: gcc -c -g -O2  conftest.c >&5
configure:6777: $? = 0
configure:6793: result: yes
configure:6750: checking for sys/stat.h
configure:6771: gcc -c -g -O2  conftest.c >&5
configure:6777: $? = 0
configure:6793: result: yes
configure:6750: checking for stdlib.h
configure:6771: gcc -c -g -O2  conftest.c >&5
configure:6777: $? = 0
configure:6793: result: yes
configure:6750: checking for string.h
configure:6771: gcc -c -g -O2  conftest.c >&5
configure:6777: $? = 0
configure:6793: result: yes
configure:6750: checking for memory.h
configure:6771: gcc -c -g -O2  conftest.c >&5
configure:6777: $? = 0
configure:6793: result: yes
configure:6750: checking for strings.h
configure:6771: gcc -c -g -O2  conftest.c >&5
configure:6777: $? = 0
configure:6793: result: yes
configure:6750: checking for inttypes.h
configure:6771: gcc -c -g -O2  conftest.c >&5
configure:6777: $? = 0
configure:6793: result: yes
configure:6750: checking for stdint.h
configure:6771: gcc -c -g -O2  conftest.c >&5
configure:6777: $? = 0
configure:6793: result: yes
configure:6750: checking for unistd.h
configure:6771: gcc -c -g -O2  conftest.c >&5
configure:6777: $? = 0
configure:6793: result: yes
configure:6809: checking for dlfcn.h
configure:6830: gcc -c -g -O2  conftest.c >&5
configure:6836: $? = 0
configure:6852: result: yes
configure:7036: checking for objdir
configure:7051: result: .libs
configure:7343: checking if gcc supports -fno-rtti -fno-exceptions
configure:7361: gcc -c -g -O2  -fno-rtti -fno-exceptions conftest.c >&5
cc1: warning: command line option "-fno-rtti" is valid for C++/ObjC++ but not for C
configure:7365: $? = 0
configure:7378: result: no
configure:7398: checking for gcc option to produce PIC
configure:7655: result: -fPIC -DPIC
configure:7667: checking if gcc PIC flag -fPIC -DPIC works
configure:7685: gcc -c -g -O2  -fPIC -DPIC -DPIC conftest.c >&5
configure:7689: $? = 0
configure:7702: result: yes
configure:7726: checking if gcc static flag -static works
configure:7754: result: yes
configure:7769: checking if gcc supports -c -o file.o
configure:7790: gcc -c -g -O2  -o out/conftest2.o conftest.c >&5
configure:7794: $? = 0
configure:7816: result: yes
configure:7824: checking if gcc supports -c -o file.o
configure:7871: result: yes
configure:7904: checking whether the gcc linker (/usr/bin/ld -m elf_x86_64) supports shared libraries
configure:8959: result: yes
configure:8996: checking whether -lc should be explicitly linked in
configure:9001: gcc -c -g -O2  conftest.c >&5
configure:9004: $? = 0
configure:9019: gcc -shared conftest.o  -v -Wl,-soname -Wl,conftest -o conftest 2\>\&1 \| /bin/grep  -lc  \>/dev/null 2\>\&1
configure:9022: $? = 0
configure:9034: result: no
configure:9198: checking dynamic linker characteristics
configure:9641: gcc -o conftest -g -O2   -Wl,-rpath -Wl,/foo conftest.c  >&5
configure:9647: $? = 0
configure:9889: result: GNU/Linux ld.so
configure:9991: checking how to hardcode library paths into programs
configure:10016: result: immediate
configure:10829: checking whether stripping libraries is possible
configure:10834: result: yes
configure:10869: checking if libtool supports shared libraries
configure:10871: result: yes
configure:10874: checking whether to build shared libraries
configure:10895: result: yes
configure:10898: checking whether to build static libraries
configure:10902: result: yes
configure:10938: checking whether gcc and cc understand -c and -o together
configure:10973: gcc -c conftest.c -o conftest2.o >&5
configure:10976: $? = 0
configure:10982: gcc -c conftest.c -o conftest2.o >&5
configure:10985: $? = 0
configure:10996: cc -c conftest.c >&5
configure:10999: $? = 0
configure:11007: cc -c conftest.c -o conftest2.o >&5
configure:11010: $? = 0
configure:11016: cc -c conftest.c -o conftest2.o >&5
configure:11019: $? = 0
configure:11037: result: yes
configure:11085: checking for curl_easy_init in -lcurl
configure:11120: gcc -o conftest -g -O2   conftest.c -lcurl   >&5
/usr/bin/ld: cannot find -lcurl
collect2: ld returned 1 exit status
configure:11126: $? = 1
configure: failed program was:
| /* confdefs.h.  */
| #define PACKAGE_NAME ""
| #define PACKAGE_TARNAME ""
| #define PACKAGE_VERSION ""
| #define PACKAGE_STRING ""
| #define PACKAGE_BUGREPORT ""
| #define PACKAGE "w1temp"
| #define VERSION "0.0.5"
| #define STDC_HEADERS 1
| #define HAVE_SYS_TYPES_H 1
| #define HAVE_SYS_STAT_H 1
| #define HAVE_STDLIB_H 1
| #define HAVE_STRING_H 1
| #define HAVE_MEMORY_H 1
| #define HAVE_STRINGS_H 1
| #define HAVE_INTTYPES_H 1
| #define HAVE_STDINT_H 1
| #define HAVE_UNISTD_H 1
| #define HAVE_DLFCN_H 1
| #define LT_OBJDIR ".libs/"
| /* end confdefs.h.  */
| 
| /* Override any GCC internal prototype to avoid an error.
|    Use char because int might match the return type of a GCC
|    builtin and then its argument prototype would still apply.  */
| #ifdef __cplusplus
| extern "C"
| #endif
| char curl_easy_init ();
| int
| main ()
| {
| return curl_easy_init ();
|   ;
|   return 0;
| }
configure:11144: result: no
configure:11156: checking for XML_ParserCreate in -lexpat
configure:11191: gcc -o conftest -g -O2   conftest.c -lexpat   >&5
configure:11197: $? = 0
configure:11215: result: yes
configure:11227: checking for xmlrpc_array_new in -lxmlrpc
configure:11262: gcc -o conftest -g -O2   conftest.c -lxmlrpc -lexpat -lexpat  >&5
/usr/bin/ld: cannot find -lxmlrpc
collect2: ld returned 1 exit status
configure:11268: $? = 1
configure: failed program was:
| /* confdefs.h.  */
| #define PACKAGE_NAME ""
| #define PACKAGE_TARNAME ""
| #define PACKAGE_VERSION ""
| #define PACKAGE_STRING ""
| #define PACKAGE_BUGREPORT ""
| #define PACKAGE "w1temp"
| #define VERSION "0.0.5"
| #define STDC_HEADERS 1
| #define HAVE_SYS_TYPES_H 1
| #define HAVE_SYS_STAT_H 1
| #define HAVE_STDLIB_H 1
| #define HAVE_STRING_H 1
| #define HAVE_MEMORY_H 1
| #define HAVE_STRINGS_H 1
| #define HAVE_INTTYPES_H 1
| #define HAVE_STDINT_H 1
| #define HAVE_UNISTD_H 1
| #define HAVE_DLFCN_H 1
| #define LT_OBJDIR ".libs/"
| #define HAVE_LIBEXPAT 1
| /* end confdefs.h.  */
| 
| /* Override any GCC internal prototype to avoid an error.
|    Use char because int might match the return type of a GCC
|    builtin and then its argument prototype would still apply.  */
| #ifdef __cplusplus
| extern "C"
| #endif
| char xmlrpc_array_new ();
| int
| main ()
| {
| return xmlrpc_array_new ();
|   ;
|   return 0;
| }
configure:11286: result: no
configure:11300: checking for sin in -lm
configure:11335: gcc -o conftest -g -O2   conftest.c -lm   >&5
conftest.c:30: warning: conflicting types for built-in function 'sin'
configure:11341: $? = 0
configure:11359: result: yes
configure:11380: checking for dirent.h that defines DIR
configure:11409: gcc -c -g -O2  conftest.c >&5
configure:11415: $? = 0
configure:11431: result: yes
configure:11444: checking for library containing opendir
configure:11485: gcc -o conftest -g -O2   conftest.c -lm  >&5
configure:11491: $? = 0
configure:11519: result: none required
configure:11613: checking for ANSI C header files
configure:11777: result: yes
configure:11809: checking fcntl.h usability
configure:11826: gcc -c -g -O2  conftest.c >&5
configure:11832: $? = 0
configure:11846: result: yes
configure:11850: checking fcntl.h presence
configure:11865: gcc -E  conftest.c
configure:11871: $? = 0
configure:11885: result: yes
configure:11913: checking for fcntl.h
configure:11921: result: yes
configure:11809: checking limits.h usability
configure:11826: gcc -c -g -O2  conftest.c >&5
configure:11832: $? = 0
configure:11846: result: yes
configure:11850: checking limits.h presence
configure:11865: gcc -E  conftest.c
configure:11871: $? = 0
configure:11885: result: yes
configure:11913: checking for limits.h
configure:11921: result: yes
configure:11799: checking for memory.h
configure:11805: result: yes
configure:11799: checking for stdlib.h
configure:11805: result: yes
configure:11799: checking for string.h
configure:11805: result: yes
configure:11809: checking sys/file.h usability
configure:11826: gcc -c -g -O2  conftest.c >&5
configure:11832: $? = 0
configure:11846: result: yes
configure:11850: checking sys/file.h presence
configure:11865: gcc -E  conftest.c
configure:11871: $? = 0
configure:11885: result: yes
configure:11913: checking for sys/file.h
configure:11921: result: yes
configure:11809: checking sys/time.h usability
configure:11826: gcc -c -g -O2  conftest.c >&5
configure:11832: $? = 0
configure:11846: result: yes
configure:11850: checking sys/time.h presence
configure:11865: gcc -E  conftest.c
configure:11871: $? = 0
configure:11885: result: yes
configure:11913: checking for sys/time.h
configure:11921: result: yes
configure:11799: checking for unistd.h
configure:11805: result: yes
configure:11936: checking for stdbool.h that conforms to C99
configure:12029: gcc -c -g -O2  conftest.c >&5
configure:12035: $? = 0
configure:12050: result: yes
configure:12052: checking for _Bool
configure:12082: gcc -c -g -O2  conftest.c >&5
configure:12088: $? = 0
configure:12103: result: yes
configure:12122: checking for an ANSI C-conforming const
configure:12197: gcc -c -g -O2  conftest.c >&5
configure:12203: $? = 0
configure:12218: result: yes
configure:12228: checking for inline
configure:12254: gcc -c -g -O2  conftest.c >&5
configure:12260: $? = 0
configure:12278: result: inline
configure:12297: checking for size_t
configure:12327: gcc -c -g -O2  conftest.c >&5
configure:12333: $? = 0
configure:12348: result: yes
configure:12360: checking whether time.h and sys/time.h may both be included
configure:12390: gcc -c -g -O2  conftest.c >&5
configure:12396: $? = 0
configure:12411: result: yes
configure:12421: checking whether struct tm is in sys/time.h or time.h
configure:12451: gcc -c -g -O2  conftest.c >&5
configure:12457: $? = 0
configure:12472: result: time.h
configure:12482: checking for working volatile
configure:12511: gcc -c -g -O2  conftest.c >&5
configure:12517: $? = 0
configure:12532: result: yes
configure:12549: checking for stdlib.h
configure:12555: result: yes
configure:12684: checking for GNU libc compatible malloc
configure:12718: gcc -o conftest -g -O2   conftest.c -lm  >&5
configure:12721: $? = 0
configure:12727: ./conftest
configure:12730: $? = 0
configure:12746: result: yes
configure:12774: checking for working memcmp
configure:12827: gcc -o conftest -g -O2   conftest.c -lm  >&5
configure:12830: $? = 0
configure:12836: ./conftest
configure:12839: $? = 0
configure:12855: result: yes
configure:12869: checking for stdlib.h
configure:12875: result: yes
configure:13004: checking for GNU libc compatible realloc
configure:13038: gcc -o conftest -g -O2   conftest.c -lm  >&5
configure:13041: $? = 0
configure:13047: ./conftest
configure:13050: $? = 0
configure:13066: result: yes
configure:13094: checking for function prototypes
configure:13097: result: yes
configure:13114: checking whether setvbuf arguments are reversed
configure:13144: gcc -o conftest -g -O2   conftest.c -lm  >&5
conftest.c:45: error: conflicting types for 'setvbuf'
/usr/include/stdio.h:311: error: previous declaration of 'setvbuf' was here
configure:13150: $? = 1
configure: failed program was:
| /* confdefs.h.  */
| #define PACKAGE_NAME ""
| #define PACKAGE_TARNAME ""
| #define PACKAGE_VERSION ""
| #define PACKAGE_STRING ""
| #define PACKAGE_BUGREPORT ""
| #define PACKAGE "w1temp"
| #define VERSION "0.0.5"
| #define STDC_HEADERS 1
| #define HAVE_SYS_TYPES_H 1
| #define HAVE_SYS_STAT_H 1
| #define HAVE_STDLIB_H 1
| #define HAVE_STRING_H 1
| #define HAVE_MEMORY_H 1
| #define HAVE_STRINGS_H 1
| #define HAVE_INTTYPES_H 1
| #define HAVE_STDINT_H 1
| #define HAVE_UNISTD_H 1
| #define HAVE_DLFCN_H 1
| #define LT_OBJDIR ".libs/"
| #define HAVE_LIBEXPAT 1
| #define HAVE_LIBM 1
| #define HAVE_DIRENT_H 1
| #define STDC_HEADERS 1
| #define HAVE_FCNTL_H 1
| #define HAVE_LIMITS_H 1
| #define HAVE_MEMORY_H 1
| #define HAVE_STDLIB_H 1
| #define HAVE_STRING_H 1
| #define HAVE_SYS_FILE_H 1
| #define HAVE_SYS_TIME_H 1
| #define HAVE_UNISTD_H 1
| #define HAVE__BOOL 1
| #define HAVE_STDBOOL_H 1
| #define TIME_WITH_SYS_TIME 1
| #define HAVE_STDLIB_H 1
| #define HAVE_MALLOC 1
| #define HAVE_STDLIB_H 1
| #define HAVE_REALLOC 1
| #define PROTOTYPES 1
| #define __PROTOTYPES 1
| /* end confdefs.h.  */
| #include <stdio.h>
| #	  ifdef PROTOTYPES
| 	   int (setvbuf) (FILE *, int, char *, size_t);
| #	  endif
| int
| main ()
| {
| char buf; return setvbuf (stdout, _IOLBF, &buf, 1);
|   ;
|   return 0;
| }
configure:13271: result: no
configure:13281: checking return type of signal handlers
configure:13309: gcc -c -g -O2  conftest.c >&5
conftest.c: In function 'main':
conftest.c:49: error: void value not ignored as it ought to be
configure:13315: $? = 1
configure: failed program was:
| /* confdefs.h.  */
| #define PACKAGE_NAME ""
| #define PACKAGE_TARNAME ""
| #define PACKAGE_VERSION ""
| #define PACKAGE_STRING ""
| #define PACKAGE_BUGREPORT ""
| #define PACKAGE "w1temp"
| #define VERSION "0.0.5"
| #define STDC_HEADERS 1
| #define HAVE_SYS_TYPES_H 1
| #define HAVE_SYS_STAT_H 1
| #define HAVE_STDLIB_H 1
| #define HAVE_STRING_H 1
| #define HAVE_MEMORY_H 1
| #define HAVE_STRINGS_H 1
| #define HAVE_INTTYPES_H 1
| #define HAVE_STDINT_H 1
| #define HAVE_UNISTD_H 1
| #define HAVE_DLFCN_H 1
| #define LT_OBJDIR ".libs/"
| #define HAVE_LIBEXPAT 1
| #define HAVE_LIBM 1
| #define HAVE_DIRENT_H 1
| #define STDC_HEADERS 1
| #define HAVE_FCNTL_H 1
| #define HAVE_LIMITS_H 1
| #define HAVE_MEMORY_H 1
| #define HAVE_STDLIB_H 1
| #define HAVE_STRING_H 1
| #define HAVE_SYS_FILE_H 1
| #define HAVE_SYS_TIME_H 1
| #define HAVE_UNISTD_H 1
| #define HAVE__BOOL 1
| #define HAVE_STDBOOL_H 1
| #define TIME_WITH_SYS_TIME 1
| #define HAVE_STDLIB_H 1
| #define HAVE_MALLOC 1
| #define HAVE_STDLIB_H 1
| #define HAVE_REALLOC 1
| #define PROTOTYPES 1
| #define __PROTOTYPES 1
| /* end confdefs.h.  */
| #include <sys/types.h>
| #include <signal.h>
| 
| int
| main ()
| {
| return *(signal (0, 0)) (0) == 1;
|   ;
|   return 0;
| }
configure:13330: result: void
configure:13342: checking for strftime
configure:13398: gcc -o conftest -g -O2   conftest.c -lm  >&5
conftest.c:67: warning: conflicting types for built-in function 'strftime'
configure:13404: $? = 0
configure:13422: result: yes
configure:13503: checking for working strtod
configure:13554: gcc -o conftest -g -O2   conftest.c -lm  >&5
conftest.c: In function 'main':
conftest.c:100: warning: ignoring return value of 'strtod', declared with attribute warn_unused_result
configure:13557: $? = 0
configure:13563: ./conftest
configure:13566: $? = 0
configure:13582: result: yes
configure:13763: checking for alarm
configure:13819: gcc -o conftest -g -O2   conftest.c -lm  >&5
configure:13825: $? = 0
configure:13843: result: yes
configure:13763: checking for atexit
configure:13819: gcc -o conftest -g -O2   conftest.c -lm  >&5
configure:13825: $? = 0
configure:13843: result: yes
configure:13763: checking for gettimeofday
configure:13819: gcc -o conftest -g -O2   conftest.c -lm  >&5
configure:13825: $? = 0
configure:13843: result: yes
configure:13763: checking for memset
configure:13819: gcc -o conftest -g -O2   conftest.c -lm  >&5
conftest.c:71: warning: conflicting types for built-in function 'memset'
configure:13825: $? = 0
configure:13843: result: yes
configure:13763: checking for sqrt
configure:13819: gcc -o conftest -g -O2   conftest.c -lm  >&5
conftest.c:72: warning: conflicting types for built-in function 'sqrt'
configure:13825: $? = 0
configure:13843: result: yes
configure:13763: checking for stpcpy
configure:13819: gcc -o conftest -g -O2   conftest.c -lm  >&5
conftest.c:73: warning: conflicting types for built-in function 'stpcpy'
configure:13825: $? = 0
configure:13843: result: yes
configure:13763: checking for strcasecmp
configure:13819: gcc -o conftest -g -O2   conftest.c -lm  >&5
conftest.c:74: warning: conflicting types for built-in function 'strcasecmp'
configure:13825: $? = 0
configure:13843: result: yes
configure:13763: checking for strchr
configure:13819: gcc -o conftest -g -O2   conftest.c -lm  >&5
conftest.c:75: warning: conflicting types for built-in function 'strchr'
configure:13825: $? = 0
configure:13843: result: yes
configure:13763: checking for strdup
configure:13819: gcc -o conftest -g -O2   conftest.c -lm  >&5
conftest.c:76: warning: conflicting types for built-in function 'strdup'
configure:13825: $? = 0
configure:13843: result: yes
configure:13763: checking for strncasecmp
configure:13819: gcc -o conftest -g -O2   conftest.c -lm  >&5
conftest.c:77: warning: conflicting types for built-in function 'strncasecmp'
configure:13825: $? = 0
configure:13843: result: yes
configure:13763: checking for strpbrk
configure:13819: gcc -o conftest -g -O2   conftest.c -lm  >&5
conftest.c:78: warning: conflicting types for built-in function 'strpbrk'
configure:13825: $? = 0
configure:13843: result: yes
configure:13763: checking for strrchr
configure:13819: gcc -o conftest -g -O2   conftest.c -lm  >&5
conftest.c:79: warning: conflicting types for built-in function 'strrchr'
configure:13825: $? = 0
configure:13843: result: yes
configure:13763: checking for strstr
configure:13819: gcc -o conftest -g -O2   conftest.c -lm  >&5
conftest.c:80: warning: conflicting types for built-in function 'strstr'
configure:13825: $? = 0
configure:13843: result: yes
configure:13763: checking for strtol
configure:13819: gcc -o conftest -g -O2   conftest.c -lm  >&5
configure:13825: $? = 0
configure:13843: result: yes
configure:13862: checking for pkg-config
configure:13880: found /usr/bin/pkg-config
configure:13893: result: /usr/bin/pkg-config
configure:14016: checking pkg-config is at least version 0.9.0
configure:14019: result: yes
configure:14030: checking for GLIB_MODULE
configure:14038: $PKG_CONFIG --exists --print-errors "gmodule-2.0 >= 2.2.0"
configure:14041: $? = 0
configure:14056: $PKG_CONFIG --exists --print-errors "gmodule-2.0 >= 2.2.0"
configure:14059: $? = 0
configure:14135: result: yes
configure:14141: checking for GIO_MODULE
configure:14149: $PKG_CONFIG --exists --print-errors "gio-2.0 >= 2.16.0"
configure:14152: $? = 0
configure:14167: $PKG_CONFIG --exists --print-errors "gio-2.0 >= 2.16.0"
configure:14170: $? = 0
configure:14206: result: yes
configure:14215: checking for GNOME_APPLETS
configure:14223: $PKG_CONFIG --exists --print-errors "gtk+-2.0 >= $GTK_REQUIRED libpanelapplet-2.0 >= $LIBPANEL_REQUIRED"
configure:14226: $? = 0
configure:14241: $PKG_CONFIG --exists --print-errors "gtk+-2.0 >= $GTK_REQUIRED libpanelapplet-2.0 >= $LIBPANEL_REQUIRED"
configure:14244: $? = 0
configure:14280: result: yes
configure:14317: checking for sunny days
configure:14332: result: perhaps
configure:14451: creating ./config.status

## ---------------------- ##
## Running config.status. ##
## ---------------------- ##

This file was extended by config.status, which was
generated by GNU Autoconf 2.61.  Invocation command line was

  CONFIG_FILES    = 
  CONFIG_HEADERS  = 
  CONFIG_LINKS    = 
  CONFIG_COMMANDS = 
  $ ./config.status 

on eeyore

config.status:872: creating Makefile
config.status:872: creating udp-client/Makefile
config.status:872: creating curl-client/Makefile
config.status:872: creating xmlrpc-client/Makefile
config.status:872: creating rpc-server/Makefile
config.status:872: creating gvfs-client/Makefile
config.status:872: creating config.h
config.status:1145: config.h is unchanged
config.status:1192: executing depfiles commands
config.status:1192: executing libtool commands

## ---------------- ##
## Cache variables. ##
## ---------------- ##

ac_cv_build=x86_64-unknown-linux-gnu
ac_cv_c_compiler_gnu=yes
ac_cv_c_const=yes
ac_cv_c_inline=inline
ac_cv_c_volatile=yes
ac_cv_env_CC_set=
ac_cv_env_CC_value=
ac_cv_env_CFLAGS_set=
ac_cv_env_CFLAGS_value=
ac_cv_env_CPPFLAGS_set=
ac_cv_env_CPPFLAGS_value=
ac_cv_env_CPP_set=
ac_cv_env_CPP_value=
ac_cv_env_GIO_MODULE_CFLAGS_set=
ac_cv_env_GIO_MODULE_CFLAGS_value=
ac_cv_env_GIO_MODULE_LIBS_set=
ac_cv_env_GIO_MODULE_LIBS_value=
ac_cv_env_GLIB_MODULE_CFLAGS_set=
ac_cv_env_GLIB_MODULE_CFLAGS_value=
ac_cv_env_GLIB_MODULE_LIBS_set=
ac_cv_env_GLIB_MODULE_LIBS_value=
ac_cv_env_GNOME_APPLETS_CFLAGS_set=
ac_cv_env_GNOME_APPLETS_CFLAGS_value=
ac_cv_env_GNOME_APPLETS_LIBS_set=
ac_cv_env_GNOME_APPLETS_LIBS_value=
ac_cv_env_LDFLAGS_set=
ac_cv_env_LDFLAGS_value=
ac_cv_env_LIBS_set=
ac_cv_env_LIBS_value=
ac_cv_env_PKG_CONFIG_set=
ac_cv_env_PKG_CONFIG_value=
ac_cv_env_build_alias_set=
ac_cv_env_build_alias_value=
ac_cv_env_host_alias_set=
ac_cv_env_host_alias_value=
ac_cv_env_target_alias_set=
ac_cv_env_target_alias_value=
ac_cv_func_alarm=yes
ac_cv_func_atexit=yes
ac_cv_func_gettimeofday=yes
ac_cv_func_malloc_0_nonnull=yes
ac_cv_func_memcmp_working=yes
ac_cv_func_memset=yes
ac_cv_func_realloc_0_nonnull=yes
ac_cv_func_setvbuf_reversed=no
ac_cv_func_sqrt=yes
ac_cv_func_stpcpy=yes
ac_cv_func_strcasecmp=yes
ac_cv_func_strchr=yes
ac_cv_func_strdup=yes
ac_cv_func_strftime=yes
ac_cv_func_strncasecmp=yes
ac_cv_func_strpbrk=yes
ac_cv_func_strrchr=yes
ac_cv_func_strstr=yes
ac_cv_func_strtod=yes
ac_cv_func_strtol=yes
ac_cv_header_dirent_dirent_h=yes
ac_cv_header_dlfcn_h=yes
ac_cv_header_fcntl_h=yes
ac_cv_header_inttypes_h=yes
ac_cv_header_limits_h=yes
ac_cv_header_memory_h=yes
ac_cv_header_stdbool_h=yes
ac_cv_header_stdc=yes
ac_cv_header_stdint_h=yes
ac_cv_header_stdlib_h=yes
ac_cv_header_string_h=yes
ac_cv_header_strings_h=yes
ac_cv_header_sys_file_h=yes
ac_cv_header_sys_stat_h=yes
ac_cv_header_sys_time_h=yes
ac_cv_header_sys_types_h=yes
ac_cv_header_time=yes
ac_cv_header_unistd_h=yes
ac_cv_host=x86_64-unknown-linux-gnu
ac_cv_lib_curl_curl_easy_init=no
ac_cv_lib_expat_XML_ParserCreate=yes
ac_cv_lib_m_sin=yes
ac_cv_lib_xmlrpc_xmlrpc_array_new=no
ac_cv_objext=o
ac_cv_path_EGREP='/bin/grep -E'
ac_cv_path_FGREP='/bin/grep -F'
ac_cv_path_GREP=/bin/grep
ac_cv_path_PKG_CONFIG=/usr/bin/pkg-config
ac_cv_path_SED=/bin/sed
ac_cv_path_install='/usr/bin/install -c'
ac_cv_path_mkdir=/bin/mkdir
ac_cv_prog_AWK=gawk
ac_cv_prog_CPP='gcc -E'
ac_cv_prog_ac_ct_AR=ar
ac_cv_prog_ac_ct_CC=gcc
ac_cv_prog_ac_ct_RANLIB=ranlib
ac_cv_prog_ac_ct_STRIP=strip
ac_cv_prog_cc_c89=
ac_cv_prog_cc_g=yes
ac_cv_prog_cc_gcc_c_o=yes
ac_cv_prog_make_make_set=yes
ac_cv_search_opendir='none required'
ac_cv_struct_tm=time.h
ac_cv_type__Bool=yes
ac_cv_type_signal=void
ac_cv_type_size_t=yes
am_cv_CC_dependencies_compiler_type=gcc3
lt_cv_deplibs_check_method=pass_all
lt_cv_file_magic_cmd='$MAGIC_CMD'
lt_cv_file_magic_test_file=
lt_cv_ld_reload_flag=-r
lt_cv_nm_interface='BSD nm'
lt_cv_objdir=.libs
lt_cv_path_LD=/usr/bin/ld
lt_cv_path_NM='/usr/bin/nm -B'
lt_cv_prog_compiler_c_o=yes
lt_cv_prog_compiler_pic_works=yes
lt_cv_prog_compiler_rtti_exceptions=no
lt_cv_prog_compiler_static_works=yes
lt_cv_prog_gnu_ld=yes
lt_cv_sys_global_symbol_pipe='sed -n -e '\''s/^.*[	 ]\([ABCDGIRSTW][ABCDGIRSTW]*\)[	 ][	 ]*\([_A-Za-z][_A-Za-z0-9]*\)$/\1 \2 \2/p'\'''
lt_cv_sys_global_symbol_to_c_name_address='sed -n -e '\''s/^: \([^ ]*\) $/  {\"\1\", (void *) 0},/p'\'' -e '\''s/^[ABCDGIRSTW]* \([^ ]*\) \([^ ]*\)$/  {"\2", (void *) \&\2},/p'\'''
lt_cv_sys_global_symbol_to_c_name_address_lib_prefix='sed -n -e '\''s/^: \([^ ]*\) $/  {\"\1\", (void *) 0},/p'\'' -e '\''s/^[ABCDGIRSTW]* \([^ ]*\) \(lib[^ ]*\)$/  {"\2", (void *) \&\2},/p'\'' -e '\''s/^[ABCDGIRSTW]* \([^ ]*\) \([^ ]*\)$/  {"lib\2", (void *) \&\2},/p'\'''
lt_cv_sys_global_symbol_to_cdecl='sed -n -e '\''s/^T .* \(.*\)$/extern int \1();/p'\'' -e '\''s/^[ABCDGIRSTW]* .* \(.*\)$/extern char \1;/p'\'''
lt_cv_sys_max_cmd_len=1572864
pkg_cv_GIO_MODULE_CFLAGS='-I/usr/include/glib-2.0 -I/usr/lib/glib-2.0/include  '
pkg_cv_GIO_MODULE_LIBS='-lgio-2.0 -lgobject-2.0 -lgmodule-2.0 -lglib-2.0  '
pkg_cv_GLIB_MODULE_CFLAGS='-I/usr/include/glib-2.0 -I/usr/lib/glib-2.0/include  '
pkg_cv_GLIB_MODULE_LIBS='-Wl,--export-dynamic -lgmodule-2.0 -lglib-2.0  '
pkg_cv_GNOME_APPLETS_CFLAGS='-DORBIT2=1 -pthread -I/usr/include/gtk-2.0 -I/usr/lib/gtk-2.0/include -I/usr/include/atk-1.0 -I/usr/include/cairo -I/usr/include/pango-1.0 -I/usr/include/glib-2.0 -I/usr/lib/glib-2.0/include -I/usr/include/pixman-1 -I/usr/include/freetype2 -I/usr/include/libpng12 -I/usr/include/panel-2.0 -I/usr/include/libgnomeui-2.0 -I/usr/include/libbonoboui-2.0 -I/usr/include/libart-2.0 -I/usr/include/gconf/2 -I/usr/include/gnome-keyring-1 -I/usr/include/libgnome-2.0 -I/usr/include/libgnomecanvas-2.0 -I/usr/include/gnome-vfs-2.0 -I/usr/lib/gnome-vfs-2.0/include -I/usr/include/orbit-2.0 -I/usr/include/dbus-1.0 -I/usr/lib/dbus-1.0/include -I/usr/include/libbonobo-2.0 -I/usr/include/bonobo-activation-2.0 -I/usr/include/libxml2 -I/usr/include/gail-1.0  '
pkg_cv_GNOME_APPLETS_LIBS='-pthread -lpanel-applet-2 -lgnomeui-2 -lSM -lICE -lbonoboui-2 -lgnomevfs-2 -lgconf-2 -lgnomecanvas-2 -lgnome-2 -lpopt -lart_lgpl_2 -lgtk-x11-2.0 -lgdk-x11-2.0 -latk-1.0 -lpangoft2-1.0 -lgdk_pixbuf-2.0 -lm -lpangocairo-1.0 -lgio-2.0 -lcairo -lpango-1.0 -lfreetype -lz -lfontconfig -lbonobo-2 -lbonobo-activation -lgmodule-2.0 -lORBit-2 -lgthread-2.0 -lrt -lgobject-2.0 -lglib-2.0  '

## ----------------- ##
## Output variables. ##
## ----------------- ##

ACLOCAL='${SHELL} /home/jrh/Projects/w1retap/contrib/w1temp/missing --run aclocal-1.10'
AMDEPBACKSLASH='\'
AMDEP_FALSE='#'
AMDEP_TRUE=''
AMTAR='${SHELL} /home/jrh/Projects/w1retap/contrib/w1temp/missing --run tar'
AR='ar'
AUTOCONF='${SHELL} /home/jrh/Projects/w1retap/contrib/w1temp/missing --run autoconf'
AUTOHEADER='${SHELL} /home/jrh/Projects/w1retap/contrib/w1temp/missing --run autoheader'
AUTOMAKE='${SHELL} /home/jrh/Projects/w1retap/contrib/w1temp/missing --run automake-1.10'
AWK='gawk'
CC='gcc'
CCDEPMODE='depmode=gcc3'
CFLAGS='-Werror'
CPP='gcc -E'
CPPFLAGS=''
CURL_CFLAGS=''
CURL_LIBS=''
CYGPATH_W='echo'
DEFS='-DHAVE_CONFIG_H'
DEPDIR='.deps'
DSYMUTIL=''
DUMPBIN=''
ECHO_C=''
ECHO_N='-n'
ECHO_T=''
EGREP='/bin/grep -E'
EXEEXT=''
FGREP='/bin/grep -F'
GIO_MODULE_CFLAGS='-I/usr/include/glib-2.0 -I/usr/lib/glib-2.0/include  '
GIO_MODULE_LIBS='-lgio-2.0 -lgobject-2.0 -lgmodule-2.0 -lglib-2.0  '
GLIB_CFLAGS='-I/usr/include/glib-2.0 -I/usr/lib/glib-2.0/include  '
GLIB_LIBS='-Wl,--export-dynamic -lgmodule-2.0 -lglib-2.0  '
GLIB_MODULE_CFLAGS='-I/usr/include/glib-2.0 -I/usr/lib/glib-2.0/include  '
GLIB_MODULE_LIBS='-Wl,--export-dynamic -lgmodule-2.0 -lglib-2.0  '
GNOME_APPLETS_CFLAGS='-DORBIT2=1 -pthread -I/usr/include/gtk-2.0 -I/usr/lib/gtk-2.0/include -I/usr/include/atk-1.0 -I/usr/include/cairo -I/usr/include/pango-1.0 -I/usr/include/glib-2.0 -I/usr/lib/glib-2.0/include -I/usr/include/pixman-1 -I/usr/include/freetype2 -I/usr/include/libpng12 -I/usr/include/panel-2.0 -I/usr/include/libgnomeui-2.0 -I/usr/include/libbonoboui-2.0 -I/usr/include/libart-2.0 -I/usr/include/gconf/2 -I/usr/include/gnome-keyring-1 -I/usr/include/libgnome-2.0 -I/usr/include/libgnomecanvas-2.0 -I/usr/include/gnome-vfs-2.0 -I/usr/lib/gnome-vfs-2.0/include -I/usr/include/orbit-2.0 -I/usr/include/dbus-1.0 -I/usr/lib/dbus-1.0/include -I/usr/include/libbonobo-2.0 -I/usr/include/bonobo-activation-2.0 -I/usr/include/libxml2 -I/usr/include/gail-1.0  '
GNOME_APPLETS_LIBS='-pthread -lpanel-applet-2 -lgnomeui-2 -lSM -lICE -lbonoboui-2 -lgnomevfs-2 -lgconf-2 -lgnomecanvas-2 -lgnome-2 -lpopt -lart_lgpl_2 -lgtk-x11-2.0 -lgdk-x11-2.0 -latk-1.0 -lpangoft2-1.0 -lgdk_pixbuf-2.0 -lm -lpangocairo-1.0 -lgio-2.0 -lcairo -lpango-1.0 -lfreetype -lz -lfontconfig -lbonobo-2 -lbonobo-activation -lgmodule-2.0 -lORBit-2 -lgthread-2.0 -lrt -lgobject-2.0 -lglib-2.0  '
GREP='/bin/grep'
INSTALL_DATA='${INSTALL} -m 644'
INSTALL_PROGRAM='${INSTALL}'
INSTALL_SCRIPT='${INSTALL}'
INSTALL_STRIP_PROGRAM='$(install_sh) -c -s'
LD='/usr/bin/ld -m elf_x86_64'
LDFLAGS=''
LIBOBJS=''
LIBS='-lm '
LIBTOOL='$(SHELL) $(top_builddir)/libtool'
LIPO=''
LN_S='ln -s'
LTLIBOBJS=''
MAKEINFO='${SHELL} /home/jrh/Projects/w1retap/contrib/w1temp/missing --run makeinfo'
NM='/usr/bin/nm -B'
NMEDIT=''
OBJEXT='o'
OTOOL64=''
OTOOL=''
PACKAGE='w1temp'
PACKAGE_BUGREPORT=''
PACKAGE_NAME=''
PACKAGE_STRING=''
PACKAGE_TARNAME=''
PACKAGE_VERSION=''
PATH_SEPARATOR=':'
PKG_CONFIG='/usr/bin/pkg-config'
POW_LIB=''
RANLIB='ranlib'
SED='/bin/sed'
SET_MAKE=''
SHELL='/bin/bash'
STRIP='strip'
USE_APPLET='udp-client'
USE_CURLAPP=''
USE_GIOAPP=''
USE_RPCAPP=''
USE_RPCCGI=''
VERSION='0.0.5'
XMLRPCCGI_CFLAGS=''
XMLRPCCGI_LIBS=''
XMLRPC_CFLAGS=''
XMLRPC_LIBS=''
ac_ct_CC='gcc'
ac_ct_DUMPBIN=''
am__fastdepCC_FALSE='#'
am__fastdepCC_TRUE=''
am__include='include'
am__isrc=''
am__leading_dot='.'
am__quote=''
am__tar='${AMTAR} chof - "$$tardir"'
am__untar='${AMTAR} xf -'
bindir='${exec_prefix}/bin'
build='x86_64-unknown-linux-gnu'
build_alias=''
build_cpu='x86_64'
build_os='linux-gnu'
build_vendor='unknown'
datadir='${datarootdir}'
datarootdir='${prefix}/share'
docdir='${datarootdir}/doc/${PACKAGE}'
dvidir='${docdir}'
exec_prefix='${prefix}'
host='x86_64-unknown-linux-gnu'
host_alias=''
host_cpu='x86_64'
host_os='linux-gnu'
host_vendor='unknown'
htmldir='${docdir}'
includedir='${prefix}/include'
infodir='${datarootdir}/info'
install_sh='$(SHELL) /home/jrh/Projects/w1retap/contrib/w1temp/install-sh'
libdir='${exec_prefix}/lib'
libexecdir='${exec_prefix}/libexec'
localedir='${datarootdir}/locale'
localstatedir='${prefix}/var'
lt_ECHO='echo'
mandir='${datarootdir}/man'
mkdir_p='/bin/mkdir -p'
oldincludedir='/usr/include'
pdfdir='${docdir}'
prefix='/usr'
program_transform_name='s,x,x,'
psdir='${docdir}'
sbindir='${exec_prefix}/sbin'
sharedstatedir='${prefix}/com'
sysconfdir='${prefix}/etc'
target_alias=''

## ----------- ##
## confdefs.h. ##
## ----------- ##

#define PACKAGE_NAME ""
#define PACKAGE_TARNAME ""
#define PACKAGE_VERSION ""
#define PACKAGE_STRING ""
#define PACKAGE_BUGREPORT ""
#define PACKAGE "w1temp"
#define VERSION "0.0.5"
#define STDC_HEADERS 1
#define HAVE_SYS_TYPES_H 1
#define HAVE_SYS_STAT_H 1
#define HAVE_STDLIB_H 1
#define HAVE_STRING_H 1
#define HAVE_MEMORY_H 1
#define HAVE_STRINGS_H 1
#define HAVE_INTTYPES_H 1
#define HAVE_STDINT_H 1
#define HAVE_UNISTD_H 1
#define HAVE_DLFCN_H 1
#define LT_OBJDIR ".libs/"
#define HAVE_LIBEXPAT 1
#define HAVE_LIBM 1
#define HAVE_DIRENT_H 1
#define STDC_HEADERS 1
#define HAVE_FCNTL_H 1
#define HAVE_LIMITS_H 1
#define HAVE_MEMORY_H 1
#define HAVE_STDLIB_H 1
#define HAVE_STRING_H 1
#define HAVE_SYS_FILE_H 1
#define HAVE_SYS_TIME_H 1
#define HAVE_UNISTD_H 1
#define HAVE__BOOL 1
#define HAVE_STDBOOL_H 1
#define TIME_WITH_SYS_TIME 1
#define HAVE_STDLIB_H 1
#define HAVE_MALLOC 1
#define HAVE_STDLIB_H 1
#define HAVE_REALLOC 1
#define PROTOTYPES 1
#define __PROTOTYPES 1
#define RETSIGTYPE void
#define HAVE_STRFTIME 1
#define HAVE_ALARM 1
#define HAVE_ATEXIT 1
#define HAVE_GETTIMEOFDAY 1
#define HAVE_MEMSET 1
#define HAVE_SQRT 1
#define HAVE_STPCPY 1
#define HAVE_STRCASECMP 1
#define HAVE_STRCHR 1
#define HAVE_STRDUP 1
#define HAVE_STRNCASECMP 1
#define HAVE_STRPBRK 1
#define HAVE_STRRCHR 1
#define HAVE_STRSTR 1
#define HAVE_STRTOL 1

configure: exit 0
